Début du scan avec comme paramètres : 
Protocole : TCP		 Nom d'hôte : 127.0.0.1
Port de début : 1		 Timeout Max. socket : 2
Port de fin : 1024		 Execution parallèle : Non

2023-04-12 14:23:18.919685	Fermé
2023-04-12 14:23:18.919766	Fermé
2023-04-12 14:23:18.919820	Fermé
2023-04-12 14:23:18.919866	Fermé
2023-04-12 14:23:18.919909	Fermé
2023-04-12 14:23:18.919953	Fermé
2023-04-12 14:23:18.919994	Fermé
2023-04-12 14:23:18.920035	Fermé
2023-04-12 14:23:18.920079	Fermé
2023-04-12 14:23:18.920122	Fermé
2023-04-12 14:23:18.920163	Fermé
2023-04-12 14:23:18.920202	Fermé
2023-04-12 14:23:18.920242	Fermé
2023-04-12 14:23:18.920281	Fermé
2023-04-12 14:23:18.920320	Fermé
2023-04-12 14:23:18.920358	Fermé
2023-04-12 14:23:18.920398	Fermé
2023-04-12 14:23:18.920436	Fermé
2023-04-12 14:23:18.920474	Fermé
2023-04-12 14:23:18.920514	Fermé
2023-04-12 14:23:18.920553	Fermé
2023-04-12 14:23:18.920610	Port 22	Ouvert
2023-04-12 14:23:18.920668	Fermé
2023-04-12 14:23:18.920711	Fermé
2023-04-12 14:23:18.920753	Fermé
2023-04-12 14:23:18.920792	Fermé
2023-04-12 14:23:18.920831	Fermé
2023-04-12 14:23:18.920873	Fermé
2023-04-12 14:23:18.920913	Fermé
2023-04-12 14:23:18.920953	Fermé
2023-04-12 14:23:18.920992	Fermé
2023-04-12 14:23:18.921030	Fermé
2023-04-12 14:23:18.921069	Fermé
2023-04-12 14:23:18.921108	Fermé
2023-04-12 14:23:18.921147	Fermé
2023-04-12 14:23:18.921188	Fermé
2023-04-12 14:23:18.921230	Fermé
2023-04-12 14:23:18.921270	Fermé
2023-04-12 14:23:18.921310	Fermé
2023-04-12 14:23:18.921351	Fermé
2023-04-12 14:23:18.921390	Fermé
2023-04-12 14:23:18.921430	Fermé
2023-04-12 14:23:18.921468	Fermé
2023-04-12 14:23:18.921507	Fermé
2023-04-12 14:23:18.921545	Fermé
2023-04-12 14:23:18.921585	Fermé
2023-04-12 14:23:18.921622	Fermé
2023-04-12 14:23:18.921669	Fermé
2023-04-12 14:23:18.921708	Fermé
2023-04-12 14:23:18.921747	Fermé
2023-04-12 14:23:18.921785	Fermé
2023-04-12 14:23:18.921838	Fermé
2023-04-12 14:23:18.921891	Fermé
2023-04-12 14:23:18.921949	Fermé
2023-04-12 14:23:18.921992	Fermé
2023-04-12 14:23:18.922032	Fermé
2023-04-12 14:23:18.922072	Fermé
2023-04-12 14:23:18.922111	Fermé
2023-04-12 14:23:18.922165	Fermé
2023-04-12 14:23:18.922217	Fermé
2023-04-12 14:23:18.922270	Fermé
2023-04-12 14:23:18.922328	Fermé
2023-04-12 14:23:18.922375	Fermé
2023-04-12 14:23:18.922416	Fermé
2023-04-12 14:23:18.922456	Fermé
2023-04-12 14:23:18.922504	Fermé
2023-04-12 14:23:18.922545	Fermé
2023-04-12 14:23:18.922583	Fermé
2023-04-12 14:23:18.922628	Fermé
2023-04-12 14:23:18.922693	Fermé
2023-04-12 14:23:18.922737	Fermé
2023-04-12 14:23:18.922777	Fermé
2023-04-12 14:23:18.922816	Fermé
2023-04-12 14:23:18.922859	Fermé
2023-04-12 14:23:18.922899	Fermé
2023-04-12 14:23:18.922938	Fermé
2023-04-12 14:23:18.922977	Fermé
2023-04-12 14:23:18.923016	Fermé
2023-04-12 14:23:18.923054	Fermé
2023-04-12 14:23:18.923092	Fermé
2023-04-12 14:23:18.923131	Fermé
2023-04-12 14:23:18.923170	Fermé
2023-04-12 14:23:18.923209	Fermé
2023-04-12 14:23:18.923250	Fermé
2023-04-12 14:23:18.923291	Fermé
2023-04-12 14:23:18.923335	Fermé
2023-04-12 14:23:18.923382	Fermé
2023-04-12 14:23:18.923429	Fermé
2023-04-12 14:23:18.923475	Fermé
2023-04-12 14:23:18.923521	Fermé
2023-04-12 14:23:18.923567	Fermé
2023-04-12 14:23:18.923615	Fermé
2023-04-12 14:23:18.923670	Fermé
2023-04-12 14:23:18.923718	Fermé
2023-04-12 14:23:18.923766	Fermé
2023-04-12 14:23:18.923813	Fermé
2023-04-12 14:23:18.923860	Fermé
2023-04-12 14:23:18.923907	Fermé
2023-04-12 14:23:18.923955	Fermé
2023-04-12 14:23:18.924002	Fermé
2023-04-12 14:23:18.924048	Fermé
2023-04-12 14:23:18.924095	Fermé
2023-04-12 14:23:18.924141	Fermé
2023-04-12 14:23:18.924188	Fermé
2023-04-12 14:23:18.924234	Fermé
2023-04-12 14:23:18.924280	Fermé
2023-04-12 14:23:18.924328	Fermé
2023-04-12 14:23:18.924377	Fermé
2023-04-12 14:23:18.924427	Fermé
2023-04-12 14:23:18.924476	Fermé
2023-04-12 14:23:18.924523	Fermé
2023-04-12 14:23:18.924571	Fermé
2023-04-12 14:23:18.924621	Fermé
2023-04-12 14:23:18.924679	Fermé
2023-04-12 14:23:18.924728	Fermé
2023-04-12 14:23:18.924775	Fermé
2023-04-12 14:23:18.924822	Fermé
2023-04-12 14:23:18.924870	Fermé
2023-04-12 14:23:18.924917	Fermé
2023-04-12 14:23:18.924964	Fermé
2023-04-12 14:23:18.925040	Fermé
2023-04-12 14:23:18.925096	Fermé
2023-04-12 14:23:18.925145	Fermé
2023-04-12 14:23:18.925192	Fermé
2023-04-12 14:23:18.925248	Fermé
2023-04-12 14:23:18.925304	Fermé
2023-04-12 14:23:18.925350	Fermé
2023-04-12 14:23:18.925397	Fermé
2023-04-12 14:23:18.925443	Fermé
2023-04-12 14:23:18.925491	Fermé
2023-04-12 14:23:18.925538	Fermé
2023-04-12 14:23:18.925584	Fermé
2023-04-12 14:23:18.925633	Fermé
2023-04-12 14:23:18.925686	Fermé
2023-04-12 14:23:18.925732	Fermé
2023-04-12 14:23:18.925778	Fermé
2023-04-12 14:23:18.925824	Fermé
2023-04-12 14:23:18.925870	Fermé
2023-04-12 14:23:18.925917	Fermé
2023-04-12 14:23:18.925963	Fermé
2023-04-12 14:23:18.926008	Fermé
2023-04-12 14:23:18.926054	Fermé
2023-04-12 14:23:18.926100	Fermé
2023-04-12 14:23:18.926147	Fermé
2023-04-12 14:23:18.926193	Fermé
2023-04-12 14:23:18.926242	Fermé
2023-04-12 14:23:18.926291	Fermé
2023-04-12 14:23:18.926338	Fermé
2023-04-12 14:23:18.926385	Fermé
2023-04-12 14:23:18.926430	Fermé
2023-04-12 14:23:18.926476	Fermé
2023-04-12 14:23:18.926522	Fermé
2023-04-12 14:23:18.926567	Fermé
2023-04-12 14:23:18.926613	Fermé
2023-04-12 14:23:18.926666	Fermé
2023-04-12 14:23:18.926714	Fermé
2023-04-12 14:23:18.926761	Fermé
2023-04-12 14:23:18.926808	Fermé
2023-04-12 14:23:18.926853	Fermé
2023-04-12 14:23:18.926899	Fermé
2023-04-12 14:23:18.926944	Fermé
2023-04-12 14:23:18.926990	Fermé
2023-04-12 14:23:18.927037	Fermé
2023-04-12 14:23:18.927083	Fermé
2023-04-12 14:23:18.927133	Fermé
2023-04-12 14:23:18.927180	Fermé
2023-04-12 14:23:18.927225	Fermé
2023-04-12 14:23:18.927281	Fermé
2023-04-12 14:23:18.927339	Fermé
2023-04-12 14:23:18.927398	Fermé
2023-04-12 14:23:18.927458	Fermé
2023-04-12 14:23:18.927518	Fermé
2023-04-12 14:23:18.927578	Fermé
2023-04-12 14:23:18.927644	Fermé
2023-04-12 14:23:18.927705	Fermé
2023-04-12 14:23:18.927765	Fermé
2023-04-12 14:23:18.927823	Fermé
2023-04-12 14:23:18.927882	Fermé
2023-04-12 14:23:18.927940	Fermé
2023-04-12 14:23:18.927999	Fermé
2023-04-12 14:23:18.928057	Fermé
2023-04-12 14:23:18.928121	Fermé
2023-04-12 14:23:18.928181	Fermé
2023-04-12 14:23:18.928239	Fermé
2023-04-12 14:23:18.928298	Fermé
2023-04-12 14:23:18.928357	Fermé
2023-04-12 14:23:18.928415	Fermé
2023-04-12 14:23:18.928475	Fermé
2023-04-12 14:23:18.928534	Fermé
2023-04-12 14:23:18.928594	Fermé
2023-04-12 14:23:18.928660	Fermé
2023-04-12 14:23:18.928720	Fermé
2023-04-12 14:23:18.928780	Fermé
2023-04-12 14:23:18.928839	Fermé
2023-04-12 14:23:18.928900	Fermé
2023-04-12 14:23:18.928959	Fermé
2023-04-12 14:23:18.929019	Fermé
2023-04-12 14:23:18.929079	Fermé
2023-04-12 14:23:18.929138	Fermé
2023-04-12 14:23:18.929197	Fermé
2023-04-12 14:23:18.929255	Fermé
2023-04-12 14:23:18.929313	Fermé
2023-04-12 14:23:18.929371	Fermé
2023-04-12 14:23:18.929436	Fermé
2023-04-12 14:23:18.929496	Fermé
2023-04-12 14:23:18.929554	Fermé
2023-04-12 14:23:18.929614	Fermé
2023-04-12 14:23:18.929681	Fermé
2023-04-12 14:23:18.929739	Fermé
2023-04-12 14:23:18.929797	Fermé
2023-04-12 14:23:18.929855	Fermé
2023-04-12 14:23:18.929915	Fermé
2023-04-12 14:23:18.929974	Fermé
2023-04-12 14:23:18.930031	Fermé
2023-04-12 14:23:18.930090	Fermé
2023-04-12 14:23:18.930158	Fermé
2023-04-12 14:23:18.930235	Fermé
2023-04-12 14:23:18.930323	Fermé
2023-04-12 14:23:18.930408	Fermé
2023-04-12 14:23:18.930475	Fermé
2023-04-12 14:23:18.930534	Fermé
2023-04-12 14:23:18.930594	Fermé
2023-04-12 14:23:18.930676	Fermé
2023-04-12 14:23:18.930738	Fermé
2023-04-12 14:23:18.930797	Fermé
2023-04-12 14:23:18.930856	Fermé
2023-04-12 14:23:18.930913	Fermé
2023-04-12 14:23:18.930970	Fermé
2023-04-12 14:23:18.931031	Fermé
2023-04-12 14:23:18.931089	Fermé
2023-04-12 14:23:18.931157	Fermé
2023-04-12 14:23:18.931255	Fermé
2023-04-12 14:23:18.931343	Fermé
2023-04-12 14:23:18.931398	Fermé
2023-04-12 14:23:18.931461	Fermé
2023-04-12 14:23:18.931524	Fermé
2023-04-12 14:23:18.931593	Fermé
2023-04-12 14:23:18.931667	Fermé
2023-04-12 14:23:18.931739	Fermé
2023-04-12 14:23:18.931813	Fermé
2023-04-12 14:23:18.931887	Fermé
2023-04-12 14:23:18.931964	Fermé
2023-04-12 14:23:18.932045	Fermé
2023-04-12 14:23:18.932117	Fermé
2023-04-12 14:23:18.932173	Fermé
2023-04-12 14:23:18.932244	Fermé
2023-04-12 14:23:18.932312	Fermé
2023-04-12 14:23:18.932401	Fermé
2023-04-12 14:23:18.932492	Fermé
2023-04-12 14:23:18.932588	Fermé
2023-04-12 14:23:18.932696	Fermé
2023-04-12 14:23:18.932791	Fermé
2023-04-12 14:23:18.932872	Fermé
2023-04-12 14:23:18.932965	Fermé
2023-04-12 14:23:18.933062	Fermé
2023-04-12 14:23:18.933163	Fermé
2023-04-12 14:23:18.933251	Fermé
2023-04-12 14:23:18.933342	Fermé
2023-04-12 14:23:18.933423	Fermé
2023-04-12 14:23:18.933506	Fermé
2023-04-12 14:23:18.933586	Fermé
2023-04-12 14:23:18.933665	Fermé
2023-04-12 14:23:18.933730	Fermé
2023-04-12 14:23:18.933795	Fermé
2023-04-12 14:23:18.933859	Fermé
2023-04-12 14:23:18.933932	Fermé
2023-04-12 14:23:18.934011	Fermé
2023-04-12 14:23:18.934064	Fermé
2023-04-12 14:23:18.934110	Fermé
2023-04-12 14:23:18.934155	Fermé
2023-04-12 14:23:18.934201	Fermé
2023-04-12 14:23:18.934245	Fermé
2023-04-12 14:23:18.934288	Fermé
2023-04-12 14:23:18.934331	Fermé
2023-04-12 14:23:18.934368	Fermé
2023-04-12 14:23:18.934406	Fermé
2023-04-12 14:23:18.934444	Fermé
2023-04-12 14:23:18.934481	Fermé
2023-04-12 14:23:18.934517	Fermé
2023-04-12 14:23:18.934555	Fermé
2023-04-12 14:23:18.934593	Fermé
2023-04-12 14:23:18.934630	Fermé
2023-04-12 14:23:18.934675	Fermé
2023-04-12 14:23:18.934715	Fermé
2023-04-12 14:23:18.934753	Fermé
2023-04-12 14:23:18.934791	Fermé
2023-04-12 14:23:18.934828	Fermé
2023-04-12 14:23:18.934865	Fermé
2023-04-12 14:23:18.934903	Fermé
2023-04-12 14:23:18.934942	Fermé
2023-04-12 14:23:18.934982	Fermé
2023-04-12 14:23:18.935021	Fermé
2023-04-12 14:23:18.935059	Fermé
2023-04-12 14:23:18.935096	Fermé
2023-04-12 14:23:18.935133	Fermé
2023-04-12 14:23:18.935170	Fermé
2023-04-12 14:23:18.935206	Fermé
2023-04-12 14:23:18.935243	Fermé
2023-04-12 14:23:18.935280	Fermé
2023-04-12 14:23:18.935317	Fermé
2023-04-12 14:23:18.935354	Fermé
2023-04-12 14:23:18.935392	Fermé
2023-04-12 14:23:18.935429	Fermé
2023-04-12 14:23:18.935471	Fermé
2023-04-12 14:23:18.935509	Fermé
2023-04-12 14:23:18.935546	Fermé
2023-04-12 14:23:18.935583	Fermé
2023-04-12 14:23:18.935621	Fermé
2023-04-12 14:23:18.935665	Fermé
2023-04-12 14:23:18.935704	Fermé
2023-04-12 14:23:18.935742	Fermé
2023-04-12 14:23:18.935780	Fermé
2023-04-12 14:23:18.935818	Fermé
2023-04-12 14:23:18.935856	Fermé
2023-04-12 14:23:18.935894	Fermé
2023-04-12 14:23:18.935931	Fermé
2023-04-12 14:23:18.935969	Fermé
2023-04-12 14:23:18.936005	Fermé
2023-04-12 14:23:18.936042	Fermé
2023-04-12 14:23:18.936080	Fermé
2023-04-12 14:23:18.936118	Fermé
2023-04-12 14:23:18.936156	Fermé
2023-04-12 14:23:18.936195	Fermé
2023-04-12 14:23:18.936232	Fermé
2023-04-12 14:23:18.936269	Fermé
2023-04-12 14:23:18.936306	Fermé
2023-04-12 14:23:18.936346	Fermé
2023-04-12 14:23:18.936385	Fermé
2023-04-12 14:23:18.936423	Fermé
2023-04-12 14:23:18.936460	Fermé
2023-04-12 14:23:18.936498	Fermé
2023-04-12 14:23:18.936536	Fermé
2023-04-12 14:23:18.936575	Fermé
2023-04-12 14:23:18.936613	Fermé
2023-04-12 14:23:18.936655	Fermé
2023-04-12 14:23:18.936695	Fermé
2023-04-12 14:23:18.936734	Fermé
2023-04-12 14:23:18.936772	Fermé
2023-04-12 14:23:18.936810	Fermé
2023-04-12 14:23:18.936848	Fermé
2023-04-12 14:23:18.936886	Fermé
2023-04-12 14:23:18.936923	Fermé
2023-04-12 14:23:18.936964	Fermé
2023-04-12 14:23:18.937003	Fermé
2023-04-12 14:23:18.937041	Fermé
2023-04-12 14:23:18.937081	Fermé
2023-04-12 14:23:18.937119	Fermé
2023-04-12 14:23:18.937155	Fermé
2023-04-12 14:23:18.937193	Fermé
2023-04-12 14:23:18.937231	Fermé
2023-04-12 14:23:18.937269	Fermé
2023-04-12 14:23:18.937307	Fermé
2023-04-12 14:23:18.937344	Fermé
2023-04-12 14:23:18.937382	Fermé
2023-04-12 14:23:18.937419	Fermé
2023-04-12 14:23:18.937456	Fermé
2023-04-12 14:23:18.937493	Fermé
2023-04-12 14:23:18.937530	Fermé
2023-04-12 14:23:18.937568	Fermé
2023-04-12 14:23:18.937605	Fermé
2023-04-12 14:23:18.937647	Fermé
2023-04-12 14:23:18.937688	Fermé
2023-04-12 14:23:18.937726	Fermé
2023-04-12 14:23:18.937768	Fermé
2023-04-12 14:23:18.937807	Fermé
2023-04-12 14:23:18.937845	Fermé
2023-04-12 14:23:18.937883	Fermé
2023-04-12 14:23:18.937921	Fermé
2023-04-12 14:23:18.937958	Fermé
2023-04-12 14:23:18.937996	Fermé
2023-04-12 14:23:18.938034	Fermé
2023-04-12 14:23:18.938073	Fermé
2023-04-12 14:23:18.938110	Fermé
2023-04-12 14:23:18.938147	Fermé
2023-04-12 14:23:18.938190	Fermé
2023-04-12 14:23:18.938247	Fermé
2023-04-12 14:23:18.938291	Fermé
2023-04-12 14:23:18.938329	Fermé
2023-04-12 14:23:18.938366	Fermé
2023-04-12 14:23:18.938405	Fermé
2023-04-12 14:23:18.938442	Fermé
2023-04-12 14:23:18.938493	Fermé
2023-04-12 14:23:18.938542	Fermé
2023-04-12 14:23:18.938600	Fermé
2023-04-12 14:23:18.938653	Fermé
2023-04-12 14:23:18.938694	Fermé
2023-04-12 14:23:18.938733	Fermé
2023-04-12 14:23:18.938771	Fermé
2023-04-12 14:23:18.938817	Fermé
2023-04-12 14:23:18.938869	Fermé
2023-04-12 14:23:18.938919	Fermé
2023-04-12 14:23:18.938973	Fermé
2023-04-12 14:23:18.939026	Fermé
2023-04-12 14:23:18.939067	Fermé
2023-04-12 14:23:18.939106	Fermé
2023-04-12 14:23:18.939145	Fermé
2023-04-12 14:23:18.939184	Fermé
2023-04-12 14:23:18.939222	Fermé
2023-04-12 14:23:18.939259	Fermé
2023-04-12 14:23:18.939305	Fermé
2023-04-12 14:23:18.939371	Fermé
2023-04-12 14:23:18.939422	Fermé
2023-04-12 14:23:18.939469	Fermé
2023-04-12 14:23:18.939518	Fermé
2023-04-12 14:23:18.939564	Fermé
2023-04-12 14:23:18.939610	Fermé
2023-04-12 14:23:18.939731	Fermé
2023-04-12 14:23:18.939782	Fermé
2023-04-12 14:23:18.939829	Fermé
2023-04-12 14:23:18.939874	Fermé
2023-04-12 14:23:18.939922	Fermé
2023-04-12 14:23:18.939971	Fermé
2023-04-12 14:23:18.940017	Fermé
2023-04-12 14:23:18.940069	Fermé
2023-04-12 14:23:18.940123	Fermé
2023-04-12 14:23:18.940169	Fermé
2023-04-12 14:23:18.940216	Fermé
2023-04-12 14:23:18.940262	Fermé
2023-04-12 14:23:18.940305	Fermé
2023-04-12 14:23:18.940344	Fermé
2023-04-12 14:23:18.940382	Fermé
2023-04-12 14:23:18.940420	Fermé
2023-04-12 14:23:18.940458	Fermé
2023-04-12 14:23:18.940495	Fermé
2023-04-12 14:23:18.940533	Fermé
2023-04-12 14:23:18.940571	Fermé
2023-04-12 14:23:18.940608	Fermé
2023-04-12 14:23:18.940651	Fermé
2023-04-12 14:23:18.940691	Fermé
2023-04-12 14:23:18.940730	Fermé
2023-04-12 14:23:18.940769	Fermé
2023-04-12 14:23:18.940808	Fermé
2023-04-12 14:23:18.940846	Fermé
2023-04-12 14:23:18.940884	Fermé
2023-04-12 14:23:18.940923	Fermé
2023-04-12 14:23:18.940964	Fermé
2023-04-12 14:23:18.941003	Fermé
2023-04-12 14:23:18.941041	Fermé
2023-04-12 14:23:18.941078	Fermé
2023-04-12 14:23:18.941116	Fermé
2023-04-12 14:23:18.941155	Fermé
2023-04-12 14:23:18.941193	Fermé
2023-04-12 14:23:18.941230	Fermé
2023-04-12 14:23:18.941267	Fermé
2023-04-12 14:23:18.941304	Fermé
2023-04-12 14:23:18.941342	Fermé
2023-04-12 14:23:18.941381	Fermé
2023-04-12 14:23:18.941418	Fermé
2023-04-12 14:23:18.941456	Fermé
2023-04-12 14:23:18.941494	Fermé
2023-04-12 14:23:18.941532	Fermé
2023-04-12 14:23:18.941569	Fermé
2023-04-12 14:23:18.941606	Fermé
2023-04-12 14:23:18.941647	Fermé
2023-04-12 14:23:18.941686	Fermé
2023-04-12 14:23:18.941724	Fermé
2023-04-12 14:23:18.941762	Fermé
2023-04-12 14:23:18.941802	Fermé
2023-04-12 14:23:18.941840	Fermé
2023-04-12 14:23:18.941878	Fermé
2023-04-12 14:23:18.941915	Fermé
2023-04-12 14:23:18.941953	Fermé
2023-04-12 14:23:18.941990	Fermé
2023-04-12 14:23:18.942028	Fermé
2023-04-12 14:23:18.942066	Fermé
2023-04-12 14:23:18.942104	Fermé
2023-04-12 14:23:18.942142	Fermé
2023-04-12 14:23:18.942181	Fermé
2023-04-12 14:23:18.942220	Fermé
2023-04-12 14:23:18.942258	Fermé
2023-04-12 14:23:18.942297	Fermé
2023-04-12 14:23:18.942337	Fermé
2023-04-12 14:23:18.942377	Fermé
2023-04-12 14:23:18.942416	Fermé
2023-04-12 14:23:18.942454	Fermé
2023-04-12 14:23:18.942493	Fermé
2023-04-12 14:23:18.942531	Fermé
2023-04-12 14:23:18.942570	Fermé
2023-04-12 14:23:18.942607	Fermé
2023-04-12 14:23:18.942651	Fermé
2023-04-12 14:23:18.942691	Fermé
2023-04-12 14:23:18.942730	Fermé
2023-04-12 14:23:18.942768	Fermé
2023-04-12 14:23:18.942807	Fermé
2023-04-12 14:23:18.942846	Fermé
2023-04-12 14:23:18.942885	Fermé
2023-04-12 14:23:18.942923	Fermé
2023-04-12 14:23:18.942961	Fermé
2023-04-12 14:23:18.943000	Fermé
2023-04-12 14:23:18.943039	Fermé
2023-04-12 14:23:18.943079	Fermé
2023-04-12 14:23:18.943120	Fermé
2023-04-12 14:23:18.943159	Fermé
2023-04-12 14:23:18.943197	Fermé
2023-04-12 14:23:18.943236	Fermé
2023-04-12 14:23:18.943274	Fermé
2023-04-12 14:23:18.943314	Fermé
2023-04-12 14:23:18.943357	Fermé
2023-04-12 14:23:18.943407	Fermé
2023-04-12 14:23:18.943464	Fermé
2023-04-12 14:23:18.943518	Fermé
2023-04-12 14:23:18.943569	Fermé
2023-04-12 14:23:18.943620	Fermé
2023-04-12 14:23:18.943683	Fermé
2023-04-12 14:23:18.943737	Fermé
2023-04-12 14:23:18.943794	Fermé
2023-04-12 14:23:18.943853	Fermé
2023-04-12 14:23:18.943927	Fermé
2023-04-12 14:23:18.944003	Fermé
2023-04-12 14:23:18.944072	Fermé
2023-04-12 14:23:18.944128	Fermé
2023-04-12 14:23:18.944193	Fermé
2023-04-12 14:23:18.944249	Fermé
2023-04-12 14:23:18.944305	Fermé
2023-04-12 14:23:18.944369	Fermé
2023-04-12 14:23:18.944436	Fermé
2023-04-12 14:23:18.944501	Fermé
2023-04-12 14:23:18.944572	Fermé
2023-04-12 14:23:18.944651	Fermé
2023-04-12 14:23:18.944722	Fermé
2023-04-12 14:23:18.944791	Fermé
2023-04-12 14:23:18.944858	Fermé
2023-04-12 14:23:18.944922	Fermé
2023-04-12 14:23:18.944989	Fermé
2023-04-12 14:23:18.945054	Fermé
2023-04-12 14:23:18.945121	Fermé
2023-04-12 14:23:18.945189	Fermé
2023-04-12 14:23:18.945366	Fermé
2023-04-12 14:23:18.945441	Fermé
2023-04-12 14:23:18.945511	Fermé
2023-04-12 14:23:18.945580	Fermé
2023-04-12 14:23:18.945796	Fermé
2023-04-12 14:23:18.945885	Fermé
2023-04-12 14:23:18.945955	Fermé
2023-04-12 14:23:18.946032	Fermé
2023-04-12 14:23:18.946101	Fermé
2023-04-12 14:23:18.946192	Fermé
2023-04-12 14:23:18.946347	Fermé
2023-04-12 14:23:18.946412	Fermé
2023-04-12 14:23:18.946473	Fermé
2023-04-12 14:23:18.946529	Fermé
2023-04-12 14:23:18.946585	Fermé
2023-04-12 14:23:18.946649	Fermé
2023-04-12 14:23:18.946707	Fermé
2023-04-12 14:23:18.946767	Fermé
2023-04-12 14:23:18.946821	Fermé
2023-04-12 14:23:18.946872	Fermé
2023-04-12 14:23:18.946922	Fermé
2023-04-12 14:23:18.946979	Fermé
2023-04-12 14:23:18.947048	Fermé
2023-04-12 14:23:18.947116	Fermé
2023-04-12 14:23:18.947175	Fermé
2023-04-12 14:23:18.947229	Fermé
2023-04-12 14:23:18.947289	Fermé
2023-04-12 14:23:18.947343	Fermé
2023-04-12 14:23:18.947398	Fermé
2023-04-12 14:23:18.947451	Fermé
2023-04-12 14:23:18.947501	Fermé
2023-04-12 14:23:18.947560	Fermé
2023-04-12 14:23:18.947618	Fermé
2023-04-12 14:23:18.947683	Fermé
2023-04-12 14:23:18.947739	Fermé
2023-04-12 14:23:18.947794	Fermé
2023-04-12 14:23:18.947848	Fermé
2023-04-12 14:23:18.947901	Fermé
2023-04-12 14:23:18.947957	Fermé
2023-04-12 14:23:18.948010	Fermé
2023-04-12 14:23:18.948067	Fermé
2023-04-12 14:23:18.948124	Fermé
2023-04-12 14:23:18.948179	Fermé
2023-04-12 14:23:18.948234	Fermé
2023-04-12 14:23:18.948289	Fermé
2023-04-12 14:23:18.948343	Fermé
2023-04-12 14:23:18.948396	Fermé
2023-04-12 14:23:18.948451	Fermé
2023-04-12 14:23:18.948505	Fermé
2023-04-12 14:23:18.948558	Fermé
2023-04-12 14:23:18.948612	Fermé
2023-04-12 14:23:18.948677	Fermé
2023-04-12 14:23:18.948732	Fermé
2023-04-12 14:23:18.948789	Fermé
2023-04-12 14:23:18.948847	Fermé
2023-04-12 14:23:18.948901	Fermé
2023-04-12 14:23:18.948954	Fermé
2023-04-12 14:23:18.949010	Fermé
2023-04-12 14:23:18.949066	Fermé
2023-04-12 14:23:18.949120	Fermé
2023-04-12 14:23:18.949174	Fermé
2023-04-12 14:23:18.949229	Fermé
2023-04-12 14:23:18.949282	Fermé
2023-04-12 14:23:18.949336	Fermé
2023-04-12 14:23:18.949392	Fermé
2023-04-12 14:23:18.949446	Fermé
2023-04-12 14:23:18.949500	Fermé
2023-04-12 14:23:18.949555	Fermé
2023-04-12 14:23:18.949610	Fermé
2023-04-12 14:23:18.949674	Fermé
2023-04-12 14:23:18.949730	Fermé
2023-04-12 14:23:18.949784	Fermé
2023-04-12 14:23:18.949839	Fermé
2023-04-12 14:23:18.949893	Fermé
2023-04-12 14:23:18.949947	Fermé
2023-04-12 14:23:18.950002	Fermé
2023-04-12 14:23:18.950056	Fermé
2023-04-12 14:23:18.950109	Fermé
2023-04-12 14:23:18.950163	Fermé
2023-04-12 14:23:18.950220	Fermé
2023-04-12 14:23:18.950275	Fermé
2023-04-12 14:23:18.950330	Fermé
2023-04-12 14:23:18.950385	Fermé
2023-04-12 14:23:18.950440	Fermé
2023-04-12 14:23:18.950494	Fermé
2023-04-12 14:23:18.950549	Fermé
2023-04-12 14:23:18.950604	Fermé
2023-04-12 14:23:18.950665	Fermé
2023-04-12 14:23:18.950721	Fermé
2023-04-12 14:23:18.950781	Fermé
2023-04-12 14:23:18.950825	Fermé
2023-04-12 14:23:18.950864	Fermé
2023-04-12 14:23:18.950903	Fermé
2023-04-12 14:23:18.950942	Fermé
2023-04-12 14:23:18.950981	Fermé
2023-04-12 14:23:18.951020	Fermé
2023-04-12 14:23:18.951059	Fermé
2023-04-12 14:23:18.951099	Fermé
2023-04-12 14:23:18.951137	Fermé
2023-04-12 14:23:18.951176	Fermé
2023-04-12 14:23:18.951214	Fermé
2023-04-12 14:23:18.951252	Fermé
2023-04-12 14:23:18.951290	Fermé
2023-04-12 14:23:18.951328	Fermé
2023-04-12 14:23:18.951367	Fermé
2023-04-12 14:23:18.951405	Fermé
2023-04-12 14:23:18.951442	Fermé
2023-04-12 14:23:18.951480	Fermé
2023-04-12 14:23:18.951519	Fermé
2023-04-12 14:23:18.951556	Fermé
2023-04-12 14:23:18.951595	Fermé
2023-04-12 14:23:18.951633	Fermé
2023-04-12 14:23:18.951678	Fermé
2023-04-12 14:23:18.951717	Fermé
2023-04-12 14:23:18.951755	Fermé
2023-04-12 14:23:18.951794	Fermé
2023-04-12 14:23:18.951831	Fermé
2023-04-12 14:23:18.951871	Fermé
2023-04-12 14:23:18.951910	Fermé
2023-04-12 14:23:18.951948	Fermé
2023-04-12 14:23:18.951987	Fermé
2023-04-12 14:23:18.952055	Fermé
2023-04-12 14:23:18.952113	Fermé
2023-04-12 14:23:18.952171	Fermé
2023-04-12 14:23:18.952228	Fermé
2023-04-12 14:23:18.952283	Fermé
2023-04-12 14:23:18.952341	Fermé
2023-04-12 14:23:18.952399	Fermé
2023-04-12 14:23:18.952454	Fermé
2023-04-12 14:23:18.952510	Fermé
2023-04-12 14:23:18.952565	Fermé
2023-04-12 14:23:18.952618	Fermé
2023-04-12 14:23:18.952679	Fermé
2023-04-12 14:23:18.952734	Fermé
2023-04-12 14:23:18.952789	Fermé
2023-04-12 14:23:18.952844	Fermé
2023-04-12 14:23:18.952898	Fermé
2023-04-12 14:23:18.952953	Fermé
2023-04-12 14:23:18.953006	Fermé
2023-04-12 14:23:18.953062	Fermé
2023-04-12 14:23:18.953118	Fermé
2023-04-12 14:23:18.953173	Fermé
2023-04-12 14:23:18.953225	Fermé
2023-04-12 14:23:18.953280	Fermé
2023-04-12 14:23:18.953336	Fermé
2023-04-12 14:23:18.953391	Fermé
2023-04-12 14:23:18.953450	Fermé
2023-04-12 14:23:18.953507	Fermé
2023-04-12 14:23:18.953561	Fermé
2023-04-12 14:23:18.953616	Fermé
2023-04-12 14:23:18.953789	Fermé
2023-04-12 14:23:18.953847	Fermé
2023-04-12 14:23:18.953909	Fermé
2023-04-12 14:23:18.953967	Fermé
2023-04-12 14:23:18.954022	Fermé
2023-04-12 14:23:18.954077	Fermé
2023-04-12 14:23:18.954132	Fermé
2023-04-12 14:23:18.954186	Fermé
2023-04-12 14:23:18.954239	Fermé
2023-04-12 14:23:18.954291	Fermé
2023-04-12 14:23:18.954345	Fermé
2023-04-12 14:23:18.954401	Fermé
2023-04-12 14:23:18.954460	Fermé
2023-04-12 14:23:18.954518	Fermé
2023-04-12 14:23:18.954575	Fermé
2023-04-12 14:23:18.954630	Fermé
2023-04-12 14:23:18.954694	Fermé
2023-04-12 14:23:18.954748	Fermé
2023-04-12 14:23:18.954802	Fermé
2023-04-12 14:23:18.954858	Fermé
2023-04-12 14:23:18.954911	Fermé
2023-04-12 14:23:18.954967	Fermé
2023-04-12 14:23:18.955025	Fermé
2023-04-12 14:23:18.955082	Fermé
2023-04-12 14:23:18.955140	Fermé
2023-04-12 14:23:18.955195	Fermé
2023-04-12 14:23:18.955247	Fermé
2023-04-12 14:23:18.955307	Fermé
2023-04-12 14:23:18.955364	Fermé
2023-04-12 14:23:18.955423	Fermé
2023-04-12 14:23:18.955479	Fermé
2023-04-12 14:23:18.955536	Fermé
2023-04-12 14:23:18.955591	Fermé
2023-04-12 14:23:18.955651	Fermé
2023-04-12 14:23:18.955713	Fermé
2023-04-12 14:23:18.955771	Fermé
2023-04-12 14:23:18.955830	Fermé
2023-04-12 14:23:18.955887	Fermé
2023-04-12 14:23:18.955942	Fermé
2023-04-12 14:23:18.955999	Fermé
2023-04-12 14:23:18.956053	Fermé
2023-04-12 14:23:18.956109	Fermé
2023-04-12 14:23:18.956168	Fermé
2023-04-12 14:23:18.956226	Fermé
2023-04-12 14:23:18.956282	Fermé
2023-04-12 14:23:18.956349	Fermé
2023-04-12 14:23:18.956407	Fermé
2023-04-12 14:23:18.956463	Fermé
2023-04-12 14:23:18.956521	Fermé
2023-04-12 14:23:18.956577	Fermé
2023-04-12 14:23:18.956631	Fermé
2023-04-12 14:23:18.956695	Fermé
2023-04-12 14:23:18.956751	Fermé
2023-04-12 14:23:18.956806	Fermé
2023-04-12 14:23:18.956864	Fermé
2023-04-12 14:23:18.956924	Fermé
2023-04-12 14:23:18.956981	Fermé
2023-04-12 14:23:18.957037	Fermé
2023-04-12 14:23:18.957093	Fermé
2023-04-12 14:23:18.957149	Fermé
2023-04-12 14:23:18.957204	Fermé
2023-04-12 14:23:18.957260	Fermé
2023-04-12 14:23:18.957317	Fermé
2023-04-12 14:23:18.957371	Fermé
2023-04-12 14:23:18.957424	Fermé
2023-04-12 14:23:18.957477	Fermé
2023-04-12 14:23:18.957531	Fermé
2023-04-12 14:23:18.957585	Fermé
2023-04-12 14:23:18.957646	Fermé
2023-04-12 14:23:18.957705	Fermé
2023-04-12 14:23:18.957759	Fermé
2023-04-12 14:23:18.957813	Fermé
2023-04-12 14:23:18.957869	Fermé
2023-04-12 14:23:18.957924	Fermé
2023-04-12 14:23:18.957979	Fermé
2023-04-12 14:23:18.958034	Fermé
2023-04-12 14:23:18.958088	Fermé
2023-04-12 14:23:18.958141	Fermé
2023-04-12 14:23:18.958196	Fermé
2023-04-12 14:23:18.958250	Fermé
2023-04-12 14:23:18.958305	Fermé
2023-04-12 14:23:18.958359	Fermé
2023-04-12 14:23:18.958415	Fermé
2023-04-12 14:23:18.958471	Fermé
2023-04-12 14:23:18.958527	Fermé
2023-04-12 14:23:18.958584	Fermé
2023-04-12 14:23:18.958646	Fermé
2023-04-12 14:23:18.958708	Fermé
2023-04-12 14:23:18.958753	Fermé
2023-04-12 14:23:18.958792	Fermé
2023-04-12 14:23:18.958831	Fermé
2023-04-12 14:23:18.958870	Fermé
2023-04-12 14:23:18.958910	Fermé
2023-04-12 14:23:18.958949	Fermé
2023-04-12 14:23:18.958988	Fermé
2023-04-12 14:23:18.959027	Fermé
2023-04-12 14:23:18.959066	Fermé
2023-04-12 14:23:18.959104	Fermé
2023-04-12 14:23:18.959142	Fermé
2023-04-12 14:23:18.959181	Fermé
2023-04-12 14:23:18.959232	Fermé
2023-04-12 14:23:18.959278	Fermé
2023-04-12 14:23:18.959318	Fermé
2023-04-12 14:23:18.959357	Fermé
2023-04-12 14:23:18.959395	Fermé
2023-04-12 14:23:18.959432	Fermé
2023-04-12 14:23:18.959471	Fermé
2023-04-12 14:23:18.959509	Fermé
2023-04-12 14:23:18.959548	Fermé
2023-04-12 14:23:18.959586	Fermé
2023-04-12 14:23:18.959625	Fermé
2023-04-12 14:23:18.959672	Fermé
2023-04-12 14:23:18.959711	Fermé
2023-04-12 14:23:18.959750	Fermé
2023-04-12 14:23:18.959789	Fermé
2023-04-12 14:23:18.959827	Fermé
2023-04-12 14:23:18.959865	Fermé
2023-04-12 14:23:18.959903	Fermé
2023-04-12 14:23:18.959941	Fermé
2023-04-12 14:23:18.959979	Fermé
2023-04-12 14:23:18.960017	Fermé
2023-04-12 14:23:18.960062	Fermé
2023-04-12 14:23:18.960101	Fermé
2023-04-12 14:23:18.960140	Fermé
2023-04-12 14:23:18.960179	Fermé
2023-04-12 14:23:18.960216	Fermé
2023-04-12 14:23:18.960253	Fermé
2023-04-12 14:23:18.960290	Fermé
2023-04-12 14:23:18.960328	Fermé
2023-04-12 14:23:18.960366	Fermé
2023-04-12 14:23:18.960403	Fermé
2023-04-12 14:23:18.960441	Fermé
2023-04-12 14:23:18.960478	Fermé
2023-04-12 14:23:18.960517	Fermé
2023-04-12 14:23:18.960556	Fermé
2023-04-12 14:23:18.960595	Fermé
2023-04-12 14:23:18.960633	Fermé
2023-04-12 14:23:18.960679	Fermé
2023-04-12 14:23:18.960717	Fermé
2023-04-12 14:23:18.960755	Fermé
2023-04-12 14:23:18.960794	Fermé
2023-04-12 14:23:18.960832	Fermé
2023-04-12 14:23:18.960869	Fermé
2023-04-12 14:23:18.960907	Fermé
2023-04-12 14:23:18.960945	Fermé
2023-04-12 14:23:18.960983	Fermé
2023-04-12 14:23:18.961022	Fermé
2023-04-12 14:23:18.961059	Fermé
2023-04-12 14:23:18.961098	Fermé
2023-04-12 14:23:18.961135	Fermé
2023-04-12 14:23:18.961173	Fermé
2023-04-12 14:23:18.961212	Fermé
2023-04-12 14:23:18.961250	Fermé
2023-04-12 14:23:18.961289	Fermé
2023-04-12 14:23:18.961326	Fermé
2023-04-12 14:23:18.961365	Fermé
2023-04-12 14:23:18.961404	Fermé
2023-04-12 14:23:18.961446	Fermé
2023-04-12 14:23:18.961486	Fermé
2023-04-12 14:23:18.961525	Fermé
2023-04-12 14:23:18.961563	Fermé
2023-04-12 14:23:18.961602	Fermé
2023-04-12 14:23:18.961725	Fermé
2023-04-12 14:23:18.961769	Fermé
2023-04-12 14:23:18.961808	Fermé
2023-04-12 14:23:18.961847	Fermé
2023-04-12 14:23:18.961885	Fermé
2023-04-12 14:23:18.961923	Fermé
2023-04-12 14:23:18.961961	Fermé
2023-04-12 14:23:18.962000	Fermé
2023-04-12 14:23:18.962037	Fermé
2023-04-12 14:23:18.962075	Fermé
2023-04-12 14:23:18.962112	Fermé
2023-04-12 14:23:18.962151	Fermé
2023-04-12 14:23:18.962190	Fermé
2023-04-12 14:23:18.962228	Fermé
2023-04-12 14:23:18.962265	Fermé
2023-04-12 14:23:18.962304	Fermé
2023-04-12 14:23:18.962343	Fermé
2023-04-12 14:23:18.962381	Fermé
2023-04-12 14:23:18.962419	Fermé
2023-04-12 14:23:18.962457	Fermé
2023-04-12 14:23:18.962497	Fermé
2023-04-12 14:23:18.962535	Fermé
2023-04-12 14:23:18.962573	Fermé
2023-04-12 14:23:18.962610	Fermé
2023-04-12 14:23:18.962655	Fermé
2023-04-12 14:23:18.962695	Fermé
2023-04-12 14:23:18.962733	Fermé
2023-04-12 14:23:18.962771	Fermé
2023-04-12 14:23:18.962809	Fermé
2023-04-12 14:23:18.962848	Fermé
2023-04-12 14:23:18.962886	Fermé
2023-04-12 14:23:18.962927	Fermé
2023-04-12 14:23:18.962968	Fermé
2023-04-12 14:23:18.963007	Fermé
2023-04-12 14:23:18.963045	Fermé
2023-04-12 14:23:18.963084	Fermé
2023-04-12 14:23:18.963122	Fermé
2023-04-12 14:23:18.963160	Fermé
2023-04-12 14:23:18.963198	Fermé
2023-04-12 14:23:18.963235	Fermé
2023-04-12 14:23:18.963273	Fermé
2023-04-12 14:23:18.963311	Fermé
2023-04-12 14:23:18.963349	Fermé
2023-04-12 14:23:18.963389	Fermé
2023-04-12 14:23:18.963427	Fermé
2023-04-12 14:23:18.963465	Fermé
2023-04-12 14:23:18.963517	Fermé
2023-04-12 14:23:18.963567	Fermé
2023-04-12 14:23:18.963620	Fermé
2023-04-12 14:23:18.963685	Fermé
2023-04-12 14:23:18.963739	Fermé
2023-04-12 14:23:18.963787	Fermé
2023-04-12 14:23:18.963827	Fermé
2023-04-12 14:23:18.963866	Fermé
2023-04-12 14:23:18.963907	Fermé
2023-04-12 14:23:18.963947	Fermé
2023-04-12 14:23:18.963987	Fermé
2023-04-12 14:23:18.964027	Fermé
2023-04-12 14:23:18.964066	Fermé
2023-04-12 14:23:18.964104	Fermé
2023-04-12 14:23:18.964143	Fermé
2023-04-12 14:23:18.964180	Fermé
2023-04-12 14:23:18.964218	Fermé
2023-04-12 14:23:18.964256	Fermé
2023-04-12 14:23:18.964295	Fermé
2023-04-12 14:23:18.964333	Fermé
2023-04-12 14:23:18.964372	Fermé
2023-04-12 14:23:18.964414	Fermé
2023-04-12 14:23:18.964452	Fermé
2023-04-12 14:23:18.964491	Fermé
2023-04-12 14:23:18.964531	Fermé
2023-04-12 14:23:18.964569	Fermé
2023-04-12 14:23:18.964607	Fermé
2023-04-12 14:23:18.964652	Fermé
2023-04-12 14:23:18.964693	Fermé
2023-04-12 14:23:18.964733	Fermé
2023-04-12 14:23:18.964772	Fermé
2023-04-12 14:23:18.964812	Fermé
2023-04-12 14:23:18.964850	Fermé
2023-04-12 14:23:18.964889	Fermé
2023-04-12 14:23:18.964928	Fermé
2023-04-12 14:23:18.964968	Fermé
2023-04-12 14:23:18.965008	Fermé
2023-04-12 14:23:18.965046	Fermé
2023-04-12 14:23:18.965084	Fermé
2023-04-12 14:23:18.965122	Fermé
2023-04-12 14:23:18.965161	Fermé
2023-04-12 14:23:18.965201	Fermé
2023-04-12 14:23:18.965241	Fermé
2023-04-12 14:23:18.965288	Fermé
2023-04-12 14:23:18.965335	Fermé
2023-04-12 14:23:18.965398	Fermé
2023-04-12 14:23:18.965463	Fermé
2023-04-12 14:23:18.965527	Fermé
2023-04-12 14:23:18.965592	Fermé
2023-04-12 14:23:18.965712	Fermé
2023-04-12 14:23:18.965789	Fermé
2023-04-12 14:23:18.965834	Fermé
2023-04-12 14:23:18.965875	Fermé
2023-04-12 14:23:18.965916	Fermé
2023-04-12 14:23:18.965956	Fermé
2023-04-12 14:23:18.965996	Fermé
2023-04-12 14:23:18.966036	Fermé
2023-04-12 14:23:18.966074	Fermé
2023-04-12 14:23:18.966116	Fermé
2023-04-12 14:23:18.966157	Fermé
2023-04-12 14:23:18.966196	Fermé
2023-04-12 14:23:18.966234	Fermé
2023-04-12 14:23:18.966273	Fermé
2023-04-12 14:23:18.966312	Fermé
2023-04-12 14:23:18.966352	Fermé
2023-04-12 14:23:18.966390	Fermé
2023-04-12 14:23:18.966431	Fermé
2023-04-12 14:23:18.966470	Fermé
2023-04-12 14:23:18.966509	Fermé
2023-04-12 14:23:18.966550	Fermé
2023-04-12 14:23:18.966589	Fermé
2023-04-12 14:23:18.966630	Fermé
2023-04-12 14:23:18.966685	Fermé
2023-04-12 14:23:18.966726	Fermé
2023-04-12 14:23:18.966765	Fermé
2023-04-12 14:23:18.966804	Fermé
2023-04-12 14:23:18.966843	Fermé
2023-04-12 14:23:18.966882	Fermé
2023-04-12 14:23:18.966921	Fermé
2023-04-12 14:23:18.966960	Fermé
2023-04-12 14:23:18.966999	Fermé
2023-04-12 14:23:18.967038	Fermé
2023-04-12 14:23:18.967077	Fermé
2023-04-12 14:23:18.967116	Fermé
2023-04-12 14:23:18.967156	Fermé
2023-04-12 14:23:18.967194	Fermé
2023-04-12 14:23:18.967232	Fermé
2023-04-12 14:23:18.967272	Fermé
2023-04-12 14:23:18.967313	Fermé
2023-04-12 14:23:18.967353	Fermé
2023-04-12 14:23:18.967392	Fermé
2023-04-12 14:23:18.967431	Fermé
2023-04-12 14:23:18.967470	Fermé
2023-04-12 14:23:18.967508	Fermé
2023-04-12 14:23:18.967551	Fermé
2023-04-12 14:23:18.967592	Fermé
2023-04-12 14:23:18.967630	Fermé
2023-04-12 14:23:18.967679	Fermé
2023-04-12 14:23:18.967718	Fermé
2023-04-12 14:23:18.967759	Fermé
2023-04-12 14:23:18.967798	Fermé
2023-04-12 14:23:18.967837	Fermé
2023-04-12 14:23:18.967876	Fermé
2023-04-12 14:23:18.967917	Fermé
2023-04-12 14:23:18.967956	Fermé
2023-04-12 14:23:18.967996	Fermé
2023-04-12 14:23:18.968036	Fermé
2023-04-12 14:23:18.968076	Fermé
2023-04-12 14:23:18.968116	Fermé
2023-04-12 14:23:18.968155	Fermé
2023-04-12 14:23:18.968195	Fermé
2023-04-12 14:23:18.968233	Fermé
2023-04-12 14:23:18.968273	Fermé
2023-04-12 14:23:18.968313	Fermé
2023-04-12 14:23:18.968353	Fermé
2023-04-12 14:23:18.968394	Fermé
2023-04-12 14:23:18.968437	Fermé
2023-04-12 14:23:18.968477	Fermé
2023-04-12 14:23:18.968519	Fermé
2023-04-12 14:23:18.968558	Fermé
2023-04-12 14:23:18.968600	Fermé
2023-04-12 14:23:18.968668	Fermé
2023-04-12 14:23:18.968735	Fermé
2023-04-12 14:23:18.968782	Fermé
2023-04-12 14:23:18.968824	Fermé
2023-04-12 14:23:18.968865	Fermé
2023-04-12 14:23:18.968905	Fermé
2023-04-12 14:23:18.968946	Fermé
2023-04-12 14:23:18.968986	Fermé
2023-04-12 14:23:18.969028	Fermé
2023-04-12 14:23:18.969073	Fermé
2023-04-12 14:23:18.969115	Fermé
2023-04-12 14:23:18.969154	Fermé
2023-04-12 14:23:18.969196	Fermé
2023-04-12 14:23:18.969235	Fermé
2023-04-12 14:23:18.969276	Fermé
2023-04-12 14:23:18.969315	Fermé
2023-04-12 14:23:18.969358	Fermé
2023-04-12 14:23:18.969404	Fermé
2023-04-12 14:23:18.969448	Temps total d'éxécution : 0:00:03
