Début du scan avec comme paramètres : 
Protocole : TCP		 Nom d'hôte : 127.0.0.1
Port de début : 1		 Timeout Max. socket : 2
Port de fin : 1023		 Execution parallèle : Non

2023-04-12 14:21:09.020083	Fermé
2023-04-12 14:21:09.020241	Fermé
2023-04-12 14:21:09.020355	Fermé
2023-04-12 14:21:09.020460	Fermé
2023-04-12 14:21:09.020556	Fermé
2023-04-12 14:21:09.020664	Fermé
2023-04-12 14:21:09.020766	Fermé
2023-04-12 14:21:09.020895	Fermé
2023-04-12 14:21:09.021023	Fermé
2023-04-12 14:21:09.021163	Fermé
2023-04-12 14:21:09.021329	Fermé
2023-04-12 14:21:09.021505	Fermé
2023-04-12 14:21:09.021677	Fermé
2023-04-12 14:21:09.021847	Fermé
2023-04-12 14:21:09.021997	Fermé
2023-04-12 14:21:09.022098	Fermé
2023-04-12 14:21:09.022188	Fermé
2023-04-12 14:21:09.022277	Fermé
2023-04-12 14:21:09.022364	Fermé
2023-04-12 14:21:09.022449	Fermé
2023-04-12 14:21:09.022534	Fermé
2023-04-12 14:21:09.022658	Port 1	Ouvert
2023-04-12 14:21:09.022753	Fermé
2023-04-12 14:21:09.022843	Fermé
2023-04-12 14:21:09.022918	Fermé
2023-04-12 14:21:09.022995	Fermé
2023-04-12 14:21:09.023080	Fermé
2023-04-12 14:21:09.023156	Fermé
2023-04-12 14:21:09.023225	Fermé
2023-04-12 14:21:09.023294	Fermé
2023-04-12 14:21:09.023368	Fermé
2023-04-12 14:21:09.023442	Fermé
2023-04-12 14:21:09.023517	Fermé
2023-04-12 14:21:09.023590	Fermé
2023-04-12 14:21:09.023674	Fermé
2023-04-12 14:21:09.023751	Fermé
2023-04-12 14:21:09.023828	Fermé
2023-04-12 14:21:09.023903	Fermé
2023-04-12 14:21:09.023977	Fermé
2023-04-12 14:21:09.024049	Fermé
2023-04-12 14:21:09.024122	Fermé
2023-04-12 14:21:09.024197	Fermé
2023-04-12 14:21:09.024269	Fermé
2023-04-12 14:21:09.024344	Fermé
2023-04-12 14:21:09.024418	Fermé
2023-04-12 14:21:09.024492	Fermé
2023-04-12 14:21:09.024568	Fermé
2023-04-12 14:21:09.024647	Fermé
2023-04-12 14:21:09.024721	Fermé
2023-04-12 14:21:09.024804	Fermé
2023-04-12 14:21:09.024899	Fermé
2023-04-12 14:21:09.024995	Fermé
2023-04-12 14:21:09.025094	Fermé
2023-04-12 14:21:09.025191	Fermé
2023-04-12 14:21:09.025289	Fermé
2023-04-12 14:21:09.025388	Fermé
2023-04-12 14:21:09.025488	Fermé
2023-04-12 14:21:09.025588	Fermé
2023-04-12 14:21:09.025696	Fermé
2023-04-12 14:21:09.025797	Fermé
2023-04-12 14:21:09.025896	Fermé
2023-04-12 14:21:09.025971	Fermé
2023-04-12 14:21:09.026045	Fermé
2023-04-12 14:21:09.026117	Fermé
2023-04-12 14:21:09.026193	Fermé
2023-04-12 14:21:09.026268	Fermé
2023-04-12 14:21:09.026342	Fermé
2023-04-12 14:21:09.026425	Fermé
2023-04-12 14:21:09.026500	Fermé
2023-04-12 14:21:09.026577	Fermé
2023-04-12 14:21:09.026655	Fermé
2023-04-12 14:21:09.026730	Fermé
2023-04-12 14:21:09.026819	Fermé
2023-04-12 14:21:09.026923	Fermé
2023-04-12 14:21:09.027021	Fermé
2023-04-12 14:21:09.027119	Fermé
2023-04-12 14:21:09.027217	Fermé
2023-04-12 14:21:09.027315	Fermé
2023-04-12 14:21:09.027416	Fermé
2023-04-12 14:21:09.027519	Fermé
2023-04-12 14:21:09.027618	Fermé
2023-04-12 14:21:09.027727	Fermé
2023-04-12 14:21:09.027827	Fermé
2023-04-12 14:21:09.027923	Fermé
2023-04-12 14:21:09.028021	Fermé
2023-04-12 14:21:09.028118	Fermé
2023-04-12 14:21:09.028217	Fermé
2023-04-12 14:21:09.028313	Fermé
2023-04-12 14:21:09.028412	Fermé
2023-04-12 14:21:09.028510	Fermé
2023-04-12 14:21:09.028614	Fermé
2023-04-12 14:21:09.028723	Fermé
2023-04-12 14:21:09.028821	Fermé
2023-04-12 14:21:09.028918	Fermé
2023-04-12 14:21:09.029011	Fermé
2023-04-12 14:21:09.029105	Fermé
2023-04-12 14:21:09.029203	Fermé
2023-04-12 14:21:09.029300	Fermé
2023-04-12 14:21:09.029393	Fermé
2023-04-12 14:21:09.029485	Fermé
2023-04-12 14:21:09.029575	Fermé
2023-04-12 14:21:09.029674	Fermé
2023-04-12 14:21:09.029773	Fermé
2023-04-12 14:21:09.029868	Fermé
2023-04-12 14:21:09.029964	Fermé
2023-04-12 14:21:09.030058	Fermé
2023-04-12 14:21:09.030153	Fermé
2023-04-12 14:21:09.030247	Fermé
2023-04-12 14:21:09.030343	Fermé
2023-04-12 14:21:09.030439	Fermé
2023-04-12 14:21:09.030533	Fermé
2023-04-12 14:21:09.030625	Fermé
2023-04-12 14:21:09.030731	Fermé
2023-04-12 14:21:09.030834	Fermé
2023-04-12 14:21:09.030930	Fermé
2023-04-12 14:21:09.031027	Fermé
2023-04-12 14:21:09.031123	Fermé
2023-04-12 14:21:09.031221	Fermé
2023-04-12 14:21:09.031324	Fermé
2023-04-12 14:21:09.031420	Fermé
2023-04-12 14:21:09.031515	Fermé
2023-04-12 14:21:09.031613	Fermé
2023-04-12 14:21:09.031721	Fermé
2023-04-12 14:21:09.031819	Fermé
2023-04-12 14:21:09.031912	Fermé
2023-04-12 14:21:09.031984	Fermé
2023-04-12 14:21:09.032056	Fermé
2023-04-12 14:21:09.032131	Fermé
2023-04-12 14:21:09.032207	Fermé
2023-04-12 14:21:09.032279	Fermé
2023-04-12 14:21:09.032352	Fermé
2023-04-12 14:21:09.032423	Fermé
2023-04-12 14:21:09.032496	Fermé
2023-04-12 14:21:09.032570	Fermé
2023-04-12 14:21:09.032647	Fermé
2023-04-12 14:21:09.032720	Fermé
2023-04-12 14:21:09.032794	Fermé
2023-04-12 14:21:09.032867	Fermé
2023-04-12 14:21:09.032941	Fermé
2023-04-12 14:21:09.033014	Fermé
2023-04-12 14:21:09.033087	Fermé
2023-04-12 14:21:09.033161	Fermé
2023-04-12 14:21:09.033232	Fermé
2023-04-12 14:21:09.033304	Fermé
2023-04-12 14:21:09.033376	Fermé
2023-04-12 14:21:09.033452	Fermé
2023-04-12 14:21:09.033526	Fermé
2023-04-12 14:21:09.033596	Fermé
2023-04-12 14:21:09.033673	Fermé
2023-04-12 14:21:09.033743	Fermé
2023-04-12 14:21:09.033813	Fermé
2023-04-12 14:21:09.033882	Fermé
2023-04-12 14:21:09.033954	Fermé
2023-04-12 14:21:09.034027	Fermé
2023-04-12 14:21:09.034103	Fermé
2023-04-12 14:21:09.034174	Fermé
2023-04-12 14:21:09.034247	Fermé
2023-04-12 14:21:09.034320	Fermé
2023-04-12 14:21:09.034393	Fermé
2023-04-12 14:21:09.034466	Fermé
2023-04-12 14:21:09.034539	Fermé
2023-04-12 14:21:09.034611	Fermé
2023-04-12 14:21:09.034692	Fermé
2023-04-12 14:21:09.034763	Fermé
2023-04-12 14:21:09.034834	Fermé
2023-04-12 14:21:09.034907	Fermé
2023-04-12 14:21:09.034978	Fermé
2023-04-12 14:21:09.035050	Fermé
2023-04-12 14:21:09.035122	Fermé
2023-04-12 14:21:09.035194	Fermé
2023-04-12 14:21:09.035265	Fermé
2023-04-12 14:21:09.035336	Fermé
2023-04-12 14:21:09.035408	Fermé
2023-04-12 14:21:09.035480	Fermé
2023-04-12 14:21:09.035551	Fermé
2023-04-12 14:21:09.035622	Fermé
2023-04-12 14:21:09.035704	Fermé
2023-04-12 14:21:09.035777	Fermé
2023-04-12 14:21:09.035846	Fermé
2023-04-12 14:21:09.035919	Fermé
2023-04-12 14:21:09.035992	Fermé
2023-04-12 14:21:09.036070	Fermé
2023-04-12 14:21:09.036146	Fermé
2023-04-12 14:21:09.036219	Fermé
2023-04-12 14:21:09.036292	Fermé
2023-04-12 14:21:09.036365	Fermé
2023-04-12 14:21:09.036440	Fermé
2023-04-12 14:21:09.036520	Fermé
2023-04-12 14:21:09.036594	Fermé
2023-04-12 14:21:09.036673	Fermé
2023-04-12 14:21:09.036748	Fermé
2023-04-12 14:21:09.036821	Fermé
2023-04-12 14:21:09.036892	Fermé
2023-04-12 14:21:09.036965	Fermé
2023-04-12 14:21:09.037037	Fermé
2023-04-12 14:21:09.037110	Fermé
2023-04-12 14:21:09.037183	Fermé
2023-04-12 14:21:09.037254	Fermé
2023-04-12 14:21:09.037327	Fermé
2023-04-12 14:21:09.037400	Fermé
2023-04-12 14:21:09.037473	Fermé
2023-04-12 14:21:09.037547	Fermé
2023-04-12 14:21:09.037619	Fermé
2023-04-12 14:21:09.037702	Fermé
2023-04-12 14:21:09.037775	Fermé
2023-04-12 14:21:09.037847	Fermé
2023-04-12 14:21:09.037922	Fermé
2023-04-12 14:21:09.037998	Fermé
2023-04-12 14:21:09.038071	Fermé
2023-04-12 14:21:09.038142	Fermé
2023-04-12 14:21:09.038215	Fermé
2023-04-12 14:21:09.038289	Fermé
2023-04-12 14:21:09.038362	Fermé
2023-04-12 14:21:09.038436	Fermé
2023-04-12 14:21:09.038530	Fermé
2023-04-12 14:21:09.038616	Fermé
2023-04-12 14:21:09.038731	Fermé
2023-04-12 14:21:09.038821	Fermé
2023-04-12 14:21:09.038912	Fermé
2023-04-12 14:21:09.039000	Fermé
2023-04-12 14:21:09.039089	Fermé
2023-04-12 14:21:09.039178	Fermé
2023-04-12 14:21:09.039268	Fermé
2023-04-12 14:21:09.039355	Fermé
2023-04-12 14:21:09.039441	Fermé
2023-04-12 14:21:09.039531	Fermé
2023-04-12 14:21:09.039630	Fermé
2023-04-12 14:21:09.039731	Fermé
2023-04-12 14:21:09.039819	Fermé
2023-04-12 14:21:09.039918	Fermé
2023-04-12 14:21:09.039998	Fermé
2023-04-12 14:21:09.040071	Fermé
2023-04-12 14:21:09.040140	Fermé
2023-04-12 14:21:09.040212	Fermé
2023-04-12 14:21:09.040281	Fermé
2023-04-12 14:21:09.040349	Fermé
2023-04-12 14:21:09.040416	Fermé
2023-04-12 14:21:09.040482	Fermé
2023-04-12 14:21:09.040548	Fermé
2023-04-12 14:21:09.040616	Fermé
2023-04-12 14:21:09.040694	Fermé
2023-04-12 14:21:09.040766	Fermé
2023-04-12 14:21:09.040887	Fermé
2023-04-12 14:21:09.041001	Fermé
2023-04-12 14:21:09.041112	Fermé
2023-04-12 14:21:09.041226	Fermé
2023-04-12 14:21:09.041340	Fermé
2023-04-12 14:21:09.041458	Fermé
2023-04-12 14:21:09.041575	Fermé
2023-04-12 14:21:09.041699	Fermé
2023-04-12 14:21:09.041820	Fermé
2023-04-12 14:21:09.041942	Fermé
2023-04-12 14:21:09.042061	Fermé
2023-04-12 14:21:09.042183	Fermé
2023-04-12 14:21:09.042309	Fermé
2023-04-12 14:21:09.042436	Fermé
2023-04-12 14:21:09.042571	Fermé
2023-04-12 14:21:09.042726	Fermé
2023-04-12 14:21:09.042849	Fermé
2023-04-12 14:21:09.042971	Fermé
2023-04-12 14:21:09.043092	Fermé
2023-04-12 14:21:09.043215	Fermé
2023-04-12 14:21:09.043352	Fermé
2023-04-12 14:21:09.043495	Fermé
2023-04-12 14:21:09.043616	Fermé
2023-04-12 14:21:09.043741	Fermé
2023-04-12 14:21:09.043859	Fermé
2023-04-12 14:21:09.043971	Fermé
2023-04-12 14:21:09.044040	Fermé
2023-04-12 14:21:09.044108	Fermé
2023-04-12 14:21:09.044180	Fermé
2023-04-12 14:21:09.044252	Fermé
2023-04-12 14:21:09.044322	Fermé
2023-04-12 14:21:09.044390	Fermé
2023-04-12 14:21:09.044459	Fermé
2023-04-12 14:21:09.044529	Fermé
2023-04-12 14:21:09.044597	Fermé
2023-04-12 14:21:09.044674	Fermé
2023-04-12 14:21:09.044745	Fermé
2023-04-12 14:21:09.044816	Fermé
2023-04-12 14:21:09.044887	Fermé
2023-04-12 14:21:09.044964	Fermé
2023-04-12 14:21:09.045035	Fermé
2023-04-12 14:21:09.045114	Fermé
2023-04-12 14:21:09.045202	Fermé
2023-04-12 14:21:09.045274	Fermé
2023-04-12 14:21:09.045345	Fermé
2023-04-12 14:21:09.045415	Fermé
2023-04-12 14:21:09.045483	Fermé
2023-04-12 14:21:09.045551	Fermé
2023-04-12 14:21:09.045625	Fermé
2023-04-12 14:21:09.045701	Fermé
2023-04-12 14:21:09.045773	Fermé
2023-04-12 14:21:09.045840	Fermé
2023-04-12 14:21:09.045908	Fermé
2023-04-12 14:21:09.045977	Fermé
2023-04-12 14:21:09.046046	Fermé
2023-04-12 14:21:09.046115	Fermé
2023-04-12 14:21:09.046191	Fermé
2023-04-12 14:21:09.046266	Fermé
2023-04-12 14:21:09.046341	Fermé
2023-04-12 14:21:09.046414	Fermé
2023-04-12 14:21:09.046491	Fermé
2023-04-12 14:21:09.046567	Fermé
2023-04-12 14:21:09.046646	Fermé
2023-04-12 14:21:09.046722	Fermé
2023-04-12 14:21:09.046828	Fermé
2023-04-12 14:21:09.046958	Fermé
2023-04-12 14:21:09.047088	Fermé
2023-04-12 14:21:09.047220	Fermé
2023-04-12 14:21:09.047364	Fermé
2023-04-12 14:21:09.047494	Fermé
2023-04-12 14:21:09.047616	Fermé
2023-04-12 14:21:09.047749	Fermé
2023-04-12 14:21:09.047874	Fermé
2023-04-12 14:21:09.047977	Fermé
2023-04-12 14:21:09.048049	Fermé
2023-04-12 14:21:09.048119	Fermé
2023-04-12 14:21:09.048189	Fermé
2023-04-12 14:21:09.048260	Fermé
2023-04-12 14:21:09.048354	Fermé
2023-04-12 14:21:09.048439	Fermé
2023-04-12 14:21:09.048516	Fermé
2023-04-12 14:21:09.048593	Fermé
2023-04-12 14:21:09.048739	Fermé
2023-04-12 14:21:09.048821	Fermé
2023-04-12 14:21:09.048901	Fermé
2023-04-12 14:21:09.048976	Fermé
2023-04-12 14:21:09.049051	Fermé
2023-04-12 14:21:09.049124	Fermé
2023-04-12 14:21:09.049199	Fermé
2023-04-12 14:21:09.049274	Fermé
2023-04-12 14:21:09.049348	Fermé
2023-04-12 14:21:09.049422	Fermé
2023-04-12 14:21:09.049497	Fermé
2023-04-12 14:21:09.049571	Fermé
2023-04-12 14:21:09.049651	Fermé
2023-04-12 14:21:09.049726	Fermé
2023-04-12 14:21:09.049812	Fermé
2023-04-12 14:21:09.049911	Fermé
2023-04-12 14:21:09.050010	Fermé
2023-04-12 14:21:09.050109	Fermé
2023-04-12 14:21:09.050206	Fermé
2023-04-12 14:21:09.050303	Fermé
2023-04-12 14:21:09.050406	Fermé
2023-04-12 14:21:09.050504	Fermé
2023-04-12 14:21:09.050600	Fermé
2023-04-12 14:21:09.050699	Fermé
2023-04-12 14:21:09.050794	Fermé
2023-04-12 14:21:09.050891	Fermé
2023-04-12 14:21:09.050966	Fermé
2023-04-12 14:21:09.051038	Fermé
2023-04-12 14:21:09.051114	Fermé
2023-04-12 14:21:09.051189	Fermé
2023-04-12 14:21:09.051261	Fermé
2023-04-12 14:21:09.051333	Fermé
2023-04-12 14:21:09.051407	Fermé
2023-04-12 14:21:09.051479	Fermé
2023-04-12 14:21:09.051552	Fermé
2023-04-12 14:21:09.051625	Fermé
2023-04-12 14:21:09.051704	Fermé
2023-04-12 14:21:09.051776	Fermé
2023-04-12 14:21:09.051849	Fermé
2023-04-12 14:21:09.051923	Fermé
2023-04-12 14:21:09.051994	Fermé
2023-04-12 14:21:09.052067	Fermé
2023-04-12 14:21:09.052141	Fermé
2023-04-12 14:21:09.052214	Fermé
2023-04-12 14:21:09.052288	Fermé
2023-04-12 14:21:09.052360	Fermé
2023-04-12 14:21:09.052432	Fermé
2023-04-12 14:21:09.052504	Fermé
2023-04-12 14:21:09.052577	Fermé
2023-04-12 14:21:09.052654	Fermé
2023-04-12 14:21:09.052728	Fermé
2023-04-12 14:21:09.052801	Fermé
2023-04-12 14:21:09.052876	Fermé
2023-04-12 14:21:09.052951	Fermé
2023-04-12 14:21:09.053025	Fermé
2023-04-12 14:21:09.053100	Fermé
2023-04-12 14:21:09.053173	Fermé
2023-04-12 14:21:09.053246	Fermé
2023-04-12 14:21:09.053321	Fermé
2023-04-12 14:21:09.053395	Fermé
2023-04-12 14:21:09.053470	Fermé
2023-04-12 14:21:09.053544	Fermé
2023-04-12 14:21:09.053618	Fermé
2023-04-12 14:21:09.053698	Fermé
2023-04-12 14:21:09.053775	Fermé
2023-04-12 14:21:09.053871	Fermé
2023-04-12 14:21:09.053966	Fermé
2023-04-12 14:21:09.054064	Fermé
2023-04-12 14:21:09.054160	Fermé
2023-04-12 14:21:09.054256	Fermé
2023-04-12 14:21:09.054353	Fermé
2023-04-12 14:21:09.054449	Fermé
2023-04-12 14:21:09.054547	Fermé
2023-04-12 14:21:09.054648	Fermé
2023-04-12 14:21:09.054745	Fermé
2023-04-12 14:21:09.054848	Fermé
2023-04-12 14:21:09.054949	Fermé
2023-04-12 14:21:09.055047	Fermé
2023-04-12 14:21:09.055161	Fermé
2023-04-12 14:21:09.055276	Fermé
2023-04-12 14:21:09.055396	Fermé
2023-04-12 14:21:09.055515	Fermé
2023-04-12 14:21:09.055629	Fermé
2023-04-12 14:21:09.055754	Fermé
2023-04-12 14:21:09.055868	Fermé
2023-04-12 14:21:09.055981	Fermé
2023-04-12 14:21:09.056093	Fermé
2023-04-12 14:21:09.056208	Fermé
2023-04-12 14:21:09.056306	Fermé
2023-04-12 14:21:09.056397	Fermé
2023-04-12 14:21:09.056486	Fermé
2023-04-12 14:21:09.056578	Fermé
2023-04-12 14:21:09.056748	Fermé
2023-04-12 14:21:09.056845	Fermé
2023-04-12 14:21:09.056930	Fermé
2023-04-12 14:21:09.057000	Fermé
2023-04-12 14:21:09.057069	Fermé
2023-04-12 14:21:09.057139	Fermé
2023-04-12 14:21:09.057209	Fermé
2023-04-12 14:21:09.057280	Fermé
2023-04-12 14:21:09.057349	Fermé
2023-04-12 14:21:09.057420	Fermé
2023-04-12 14:21:09.057490	Fermé
2023-04-12 14:21:09.057560	Fermé
2023-04-12 14:21:09.057628	Fermé
2023-04-12 14:21:09.057703	Fermé
2023-04-12 14:21:09.057774	Fermé
2023-04-12 14:21:09.057844	Fermé
2023-04-12 14:21:09.057911	Fermé
2023-04-12 14:21:09.057981	Fermé
2023-04-12 14:21:09.058048	Fermé
2023-04-12 14:21:09.058122	Fermé
2023-04-12 14:21:09.058193	Fermé
2023-04-12 14:21:09.058265	Fermé
2023-04-12 14:21:09.058334	Fermé
2023-04-12 14:21:09.058403	Fermé
2023-04-12 14:21:09.058473	Fermé
2023-04-12 14:21:09.058540	Fermé
2023-04-12 14:21:09.058607	Fermé
2023-04-12 14:21:09.058681	Fermé
2023-04-12 14:21:09.058752	Fermé
2023-04-12 14:21:09.058824	Fermé
2023-04-12 14:21:09.058920	Fermé
2023-04-12 14:21:09.059009	Fermé
2023-04-12 14:21:09.059104	Fermé
2023-04-12 14:21:09.059190	Fermé
2023-04-12 14:21:09.059284	Fermé
2023-04-12 14:21:09.059381	Fermé
2023-04-12 14:21:09.059502	Fermé
2023-04-12 14:21:09.059606	Fermé
2023-04-12 14:21:09.059720	Fermé
2023-04-12 14:21:09.059975	Fermé
2023-04-12 14:21:09.060086	Fermé
2023-04-12 14:21:09.060161	Fermé
2023-04-12 14:21:09.060247	Fermé
2023-04-12 14:21:09.060325	Fermé
2023-04-12 14:21:09.060417	Fermé
2023-04-12 14:21:09.060505	Fermé
2023-04-12 14:21:09.060592	Fermé
2023-04-12 14:21:09.060698	Fermé
2023-04-12 14:21:09.060800	Fermé
2023-04-12 14:21:09.060893	Fermé
2023-04-12 14:21:09.060983	Fermé
2023-04-12 14:21:09.061071	Fermé
2023-04-12 14:21:09.061159	Fermé
2023-04-12 14:21:09.061249	Fermé
2023-04-12 14:21:09.061342	Fermé
2023-04-12 14:21:09.061438	Fermé
2023-04-12 14:21:09.061504	Fermé
2023-04-12 14:21:09.061571	Fermé
2023-04-12 14:21:09.061631	Fermé
2023-04-12 14:21:09.061708	Fermé
2023-04-12 14:21:09.061802	Fermé
2023-04-12 14:21:09.061869	Fermé
2023-04-12 14:21:09.061934	Fermé
2023-04-12 14:21:09.061994	Fermé
2023-04-12 14:21:09.062060	Fermé
2023-04-12 14:21:09.062136	Fermé
2023-04-12 14:21:09.062206	Fermé
2023-04-12 14:21:09.062264	Fermé
2023-04-12 14:21:09.062332	Fermé
2023-04-12 14:21:09.062392	Fermé
2023-04-12 14:21:09.062452	Fermé
2023-04-12 14:21:09.062509	Fermé
2023-04-12 14:21:09.062575	Fermé
2023-04-12 14:21:09.062642	Fermé
2023-04-12 14:21:09.062703	Fermé
2023-04-12 14:21:09.062761	Fermé
2023-04-12 14:21:09.062820	Fermé
2023-04-12 14:21:09.062888	Fermé
2023-04-12 14:21:09.062948	Fermé
2023-04-12 14:21:09.063005	Fermé
2023-04-12 14:21:09.063065	Fermé
2023-04-12 14:21:09.063130	Fermé
2023-04-12 14:21:09.063188	Fermé
2023-04-12 14:21:09.063245	Fermé
2023-04-12 14:21:09.063309	Fermé
2023-04-12 14:21:09.063370	Fermé
2023-04-12 14:21:09.063430	Fermé
2023-04-12 14:21:09.063488	Fermé
2023-04-12 14:21:09.063551	Fermé
2023-04-12 14:21:09.063611	Fermé
2023-04-12 14:21:09.063678	Fermé
2023-04-12 14:21:09.063734	Fermé
2023-04-12 14:21:09.063803	Fermé
2023-04-12 14:21:09.063862	Fermé
2023-04-12 14:21:09.063919	Fermé
2023-04-12 14:21:09.063981	Fermé
2023-04-12 14:21:09.064042	Fermé
2023-04-12 14:21:09.064098	Fermé
2023-04-12 14:21:09.064154	Fermé
2023-04-12 14:21:09.064208	Fermé
2023-04-12 14:21:09.064267	Fermé
2023-04-12 14:21:09.064324	Fermé
2023-04-12 14:21:09.064382	Fermé
2023-04-12 14:21:09.064439	Fermé
2023-04-12 14:21:09.064494	Fermé
2023-04-12 14:21:09.064549	Fermé
2023-04-12 14:21:09.064604	Fermé
2023-04-12 14:21:09.064747	Fermé
2023-04-12 14:21:09.064807	Fermé
2023-04-12 14:21:09.064865	Fermé
2023-04-12 14:21:09.064924	Fermé
2023-04-12 14:21:09.064980	Fermé
2023-04-12 14:21:09.065044	Fermé
2023-04-12 14:21:09.065104	Fermé
2023-04-12 14:21:09.065160	Fermé
2023-04-12 14:21:09.065217	Fermé
2023-04-12 14:21:09.065274	Fermé
2023-04-12 14:21:09.065331	Fermé
2023-04-12 14:21:09.065387	Fermé
2023-04-12 14:21:09.065443	Fermé
2023-04-12 14:21:09.065507	Fermé
2023-04-12 14:21:09.065567	Fermé
2023-04-12 14:21:09.065623	Fermé
2023-04-12 14:21:09.065690	Fermé
2023-04-12 14:21:09.065745	Fermé
2023-04-12 14:21:09.065800	Fermé
2023-04-12 14:21:09.065854	Fermé
2023-04-12 14:21:09.065908	Fermé
2023-04-12 14:21:09.065968	Fermé
2023-04-12 14:21:09.066024	Fermé
2023-04-12 14:21:09.066080	Fermé
2023-04-12 14:21:09.066143	Fermé
2023-04-12 14:21:09.066200	Fermé
2023-04-12 14:21:09.066257	Fermé
2023-04-12 14:21:09.066312	Fermé
2023-04-12 14:21:09.066367	Fermé
2023-04-12 14:21:09.066423	Fermé
2023-04-12 14:21:09.066479	Fermé
2023-04-12 14:21:09.066534	Fermé
2023-04-12 14:21:09.066589	Fermé
2023-04-12 14:21:09.066652	Fermé
2023-04-12 14:21:09.066712	Fermé
2023-04-12 14:21:09.066769	Fermé
2023-04-12 14:21:09.066832	Fermé
2023-04-12 14:21:09.066888	Fermé
2023-04-12 14:21:09.066943	Fermé
2023-04-12 14:21:09.066999	Fermé
2023-04-12 14:21:09.067055	Fermé
2023-04-12 14:21:09.067110	Fermé
2023-04-12 14:21:09.067167	Fermé
2023-04-12 14:21:09.067224	Fermé
2023-04-12 14:21:09.067278	Fermé
2023-04-12 14:21:09.067332	Fermé
2023-04-12 14:21:09.067387	Fermé
2023-04-12 14:21:09.067442	Fermé
2023-04-12 14:21:09.067498	Fermé
2023-04-12 14:21:09.067561	Fermé
2023-04-12 14:21:09.067652	Fermé
2023-04-12 14:21:09.067723	Fermé
2023-04-12 14:21:09.067784	Fermé
2023-04-12 14:21:09.067841	Fermé
2023-04-12 14:21:09.067898	Fermé
2023-04-12 14:21:09.067953	Fermé
2023-04-12 14:21:09.068009	Fermé
2023-04-12 14:21:09.068066	Fermé
2023-04-12 14:21:09.068123	Fermé
2023-04-12 14:21:09.068178	Fermé
2023-04-12 14:21:09.068234	Fermé
2023-04-12 14:21:09.068290	Fermé
2023-04-12 14:21:09.068345	Fermé
2023-04-12 14:21:09.068400	Fermé
2023-04-12 14:21:09.068457	Fermé
2023-04-12 14:21:09.068527	Fermé
2023-04-12 14:21:09.068590	Fermé
2023-04-12 14:21:09.068658	Fermé
2023-04-12 14:21:09.068718	Fermé
2023-04-12 14:21:09.068775	Fermé
2023-04-12 14:21:09.068832	Fermé
2023-04-12 14:21:09.068901	Fermé
2023-04-12 14:21:09.068972	Fermé
2023-04-12 14:21:09.069041	Fermé
2023-04-12 14:21:09.069114	Fermé
2023-04-12 14:21:09.069182	Fermé
2023-04-12 14:21:09.069254	Fermé
2023-04-12 14:21:09.069323	Fermé
2023-04-12 14:21:09.069392	Fermé
2023-04-12 14:21:09.069460	Fermé
2023-04-12 14:21:09.069530	Fermé
2023-04-12 14:21:09.069599	Fermé
2023-04-12 14:21:09.069676	Fermé
2023-04-12 14:21:09.069747	Fermé
2023-04-12 14:21:09.069815	Fermé
2023-04-12 14:21:09.069882	Fermé
2023-04-12 14:21:09.069942	Fermé
2023-04-12 14:21:09.070009	Fermé
2023-04-12 14:21:09.070079	Fermé
2023-04-12 14:21:09.070150	Fermé
2023-04-12 14:21:09.070226	Fermé
2023-04-12 14:21:09.070295	Fermé
2023-04-12 14:21:09.070378	Fermé
2023-04-12 14:21:09.070460	Fermé
2023-04-12 14:21:09.070539	Fermé
2023-04-12 14:21:09.070618	Fermé
2023-04-12 14:21:09.070702	Fermé
2023-04-12 14:21:09.070778	Fermé
2023-04-12 14:21:09.070854	Fermé
2023-04-12 14:21:09.070926	Fermé
2023-04-12 14:21:09.070998	Fermé
2023-04-12 14:21:09.071059	Fermé
2023-04-12 14:21:09.071149	Fermé
2023-04-12 14:21:09.071235	Fermé
2023-04-12 14:21:09.071322	Fermé
2023-04-12 14:21:09.071412	Fermé
2023-04-12 14:21:09.071495	Fermé
2023-04-12 14:21:09.071583	Fermé
2023-04-12 14:21:09.071669	Fermé
2023-04-12 14:21:09.071752	Fermé
2023-04-12 14:21:09.071843	Fermé
2023-04-12 14:21:09.071917	Fermé
2023-04-12 14:21:09.071984	Fermé
2023-04-12 14:21:09.072052	Fermé
2023-04-12 14:21:09.072111	Fermé
2023-04-12 14:21:09.072169	Fermé
2023-04-12 14:21:09.072229	Fermé
2023-04-12 14:21:09.072297	Fermé
2023-04-12 14:21:09.072365	Fermé
2023-04-12 14:21:09.072435	Fermé
2023-04-12 14:21:09.072506	Fermé
2023-04-12 14:21:09.072565	Fermé
2023-04-12 14:21:09.072722	Fermé
2023-04-12 14:21:09.072808	Fermé
2023-04-12 14:21:09.072869	Fermé
2023-04-12 14:21:09.072928	Fermé
2023-04-12 14:21:09.072985	Fermé
2023-04-12 14:21:09.073042	Fermé
2023-04-12 14:21:09.073099	Fermé
2023-04-12 14:21:09.073179	Fermé
2023-04-12 14:21:09.073250	Fermé
2023-04-12 14:21:09.073309	Fermé
2023-04-12 14:21:09.073366	Fermé
2023-04-12 14:21:09.073423	Fermé
2023-04-12 14:21:09.073480	Fermé
2023-04-12 14:21:09.073537	Fermé
2023-04-12 14:21:09.073595	Fermé
2023-04-12 14:21:09.073658	Fermé
2023-04-12 14:21:09.073718	Fermé
2023-04-12 14:21:09.073777	Fermé
2023-04-12 14:21:09.073834	Fermé
2023-04-12 14:21:09.073893	Fermé
2023-04-12 14:21:09.073948	Fermé
2023-04-12 14:21:09.074004	Fermé
2023-04-12 14:21:09.074061	Fermé
2023-04-12 14:21:09.074117	Fermé
2023-04-12 14:21:09.074172	Fermé
2023-04-12 14:21:09.074227	Fermé
2023-04-12 14:21:09.074282	Fermé
2023-04-12 14:21:09.074338	Fermé
2023-04-12 14:21:09.074394	Fermé
2023-04-12 14:21:09.074449	Fermé
2023-04-12 14:21:09.074504	Fermé
2023-04-12 14:21:09.074559	Fermé
2023-04-12 14:21:09.074616	Fermé
2023-04-12 14:21:09.074678	Fermé
2023-04-12 14:21:09.074735	Fermé
2023-04-12 14:21:09.074792	Fermé
2023-04-12 14:21:09.074847	Fermé
2023-04-12 14:21:09.074903	Fermé
2023-04-12 14:21:09.074959	Fermé
2023-04-12 14:21:09.075015	Fermé
2023-04-12 14:21:09.075071	Fermé
2023-04-12 14:21:09.075130	Fermé
2023-04-12 14:21:09.075187	Fermé
2023-04-12 14:21:09.075244	Fermé
2023-04-12 14:21:09.075303	Fermé
2023-04-12 14:21:09.075362	Fermé
2023-04-12 14:21:09.075419	Fermé
2023-04-12 14:21:09.075476	Fermé
2023-04-12 14:21:09.075532	Fermé
2023-04-12 14:21:09.075588	Fermé
2023-04-12 14:21:09.075649	Fermé
2023-04-12 14:21:09.075708	Fermé
2023-04-12 14:21:09.075765	Fermé
2023-04-12 14:21:09.075822	Fermé
2023-04-12 14:21:09.075878	Fermé
2023-04-12 14:21:09.075934	Fermé
2023-04-12 14:21:09.075990	Fermé
2023-04-12 14:21:09.076046	Fermé
2023-04-12 14:21:09.076102	Fermé
2023-04-12 14:21:09.076156	Fermé
2023-04-12 14:21:09.076213	Fermé
2023-04-12 14:21:09.076268	Fermé
2023-04-12 14:21:09.076324	Fermé
2023-04-12 14:21:09.076379	Fermé
2023-04-12 14:21:09.076435	Fermé
2023-04-12 14:21:09.076489	Fermé
2023-04-12 14:21:09.076545	Fermé
2023-04-12 14:21:09.076601	Fermé
2023-04-12 14:21:09.076669	Fermé
2023-04-12 14:21:09.076738	Fermé
2023-04-12 14:21:09.076795	Fermé
2023-04-12 14:21:09.076850	Fermé
2023-04-12 14:21:09.076907	Fermé
2023-04-12 14:21:09.076961	Fermé
2023-04-12 14:21:09.077016	Fermé
2023-04-12 14:21:09.077072	Fermé
2023-04-12 14:21:09.077126	Fermé
2023-04-12 14:21:09.077180	Fermé
2023-04-12 14:21:09.077235	Fermé
2023-04-12 14:21:09.077289	Fermé
2023-04-12 14:21:09.077347	Fermé
2023-04-12 14:21:09.077405	Fermé
2023-04-12 14:21:09.077462	Fermé
2023-04-12 14:21:09.077518	Fermé
2023-04-12 14:21:09.077574	Fermé
2023-04-12 14:21:09.077631	Fermé
2023-04-12 14:21:09.077694	Fermé
2023-04-12 14:21:09.077749	Fermé
2023-04-12 14:21:09.077805	Fermé
2023-04-12 14:21:09.077861	Fermé
2023-04-12 14:21:09.077917	Fermé
2023-04-12 14:21:09.077974	Fermé
2023-04-12 14:21:09.078032	Fermé
2023-04-12 14:21:09.078089	Fermé
2023-04-12 14:21:09.078144	Fermé
2023-04-12 14:21:09.078199	Fermé
2023-04-12 14:21:09.078254	Fermé
2023-04-12 14:21:09.078310	Fermé
2023-04-12 14:21:09.078366	Fermé
2023-04-12 14:21:09.078422	Fermé
2023-04-12 14:21:09.078478	Fermé
2023-04-12 14:21:09.078533	Fermé
2023-04-12 14:21:09.078589	Fermé
2023-04-12 14:21:09.078652	Fermé
2023-04-12 14:21:09.078710	Fermé
2023-04-12 14:21:09.078765	Fermé
2023-04-12 14:21:09.078819	Fermé
2023-04-12 14:21:09.078872	Fermé
2023-04-12 14:21:09.078928	Fermé
2023-04-12 14:21:09.078984	Fermé
2023-04-12 14:21:09.079041	Fermé
2023-04-12 14:21:09.079098	Fermé
2023-04-12 14:21:09.079153	Fermé
2023-04-12 14:21:09.079207	Fermé
2023-04-12 14:21:09.079265	Fermé
2023-04-12 14:21:09.079321	Fermé
2023-04-12 14:21:09.079384	Fermé
2023-04-12 14:21:09.079440	Fermé
2023-04-12 14:21:09.079497	Fermé
2023-04-12 14:21:09.079554	Fermé
2023-04-12 14:21:09.079610	Fermé
2023-04-12 14:21:09.079673	Fermé
2023-04-12 14:21:09.079731	Fermé
2023-04-12 14:21:09.079787	Fermé
2023-04-12 14:21:09.079844	Fermé
2023-04-12 14:21:09.079900	Fermé
2023-04-12 14:21:09.079958	Fermé
2023-04-12 14:21:09.080014	Fermé
2023-04-12 14:21:09.080070	Fermé
2023-04-12 14:21:09.080127	Fermé
2023-04-12 14:21:09.080184	Fermé
2023-04-12 14:21:09.080239	Fermé
2023-04-12 14:21:09.080293	Fermé
2023-04-12 14:21:09.080348	Fermé
2023-04-12 14:21:09.080406	Fermé
2023-04-12 14:21:09.080463	Fermé
2023-04-12 14:21:09.080518	Fermé
2023-04-12 14:21:09.080573	Fermé
2023-04-12 14:21:09.080629	Fermé
2023-04-12 14:21:09.080693	Fermé
2023-04-12 14:21:09.080751	Fermé
2023-04-12 14:21:09.080808	Fermé
2023-04-12 14:21:09.080866	Fermé
2023-04-12 14:21:09.080925	Fermé
2023-04-12 14:21:09.080979	Fermé
2023-04-12 14:21:09.081061	Fermé
2023-04-12 14:21:09.081145	Fermé
2023-04-12 14:21:09.081227	Fermé
2023-04-12 14:21:09.081310	Fermé
2023-04-12 14:21:09.081393	Fermé
2023-04-12 14:21:09.081476	Fermé
2023-04-12 14:21:09.081557	Fermé
2023-04-12 14:21:09.081648	Fermé
2023-04-12 14:21:09.081736	Fermé
2023-04-12 14:21:09.081820	Fermé
2023-04-12 14:21:09.081908	Fermé
2023-04-12 14:21:09.081989	Fermé
2023-04-12 14:21:09.082071	Fermé
2023-04-12 14:21:09.082152	Fermé
2023-04-12 14:21:09.082235	Fermé
2023-04-12 14:21:09.082319	Fermé
2023-04-12 14:21:09.082404	Fermé
2023-04-12 14:21:09.082487	Fermé
2023-04-12 14:21:09.082568	Fermé
2023-04-12 14:21:09.082662	Fermé
2023-04-12 14:21:09.082745	Fermé
2023-04-12 14:21:09.082831	Fermé
2023-04-12 14:21:09.082914	Fermé
2023-04-12 14:21:09.082996	Fermé
2023-04-12 14:21:09.083081	Fermé
2023-04-12 14:21:09.083169	Fermé
2023-04-12 14:21:09.083255	Fermé
2023-04-12 14:21:09.083339	Fermé
2023-04-12 14:21:09.083426	Fermé
2023-04-12 14:21:09.083511	Fermé
2023-04-12 14:21:09.083596	Fermé
2023-04-12 14:21:09.083702	Fermé
2023-04-12 14:21:09.083786	Fermé
2023-04-12 14:21:09.083865	Fermé
2023-04-12 14:21:09.083949	Fermé
2023-04-12 14:21:09.084032	Fermé
2023-04-12 14:21:09.084112	Fermé
2023-04-12 14:21:09.084194	Fermé
2023-04-12 14:21:09.084276	Fermé
2023-04-12 14:21:09.084355	Fermé
2023-04-12 14:21:09.084435	Fermé
2023-04-12 14:21:09.084515	Fermé
2023-04-12 14:21:09.084594	Fermé
2023-04-12 14:21:09.084685	Fermé
2023-04-12 14:21:09.084776	Fermé
2023-04-12 14:21:09.084858	Fermé
2023-04-12 14:21:09.084941	Fermé
2023-04-12 14:21:09.085022	Fermé
2023-04-12 14:21:09.085105	Fermé
2023-04-12 14:21:09.085187	Fermé
2023-04-12 14:21:09.085435	Fermé
2023-04-12 14:21:09.085541	Fermé
2023-04-12 14:21:09.085631	Fermé
2023-04-12 14:21:09.085735	Fermé
2023-04-12 14:21:09.085821	Fermé
2023-04-12 14:21:09.085904	Fermé
2023-04-12 14:21:09.085989	Fermé
2023-04-12 14:21:09.086080	Fermé
2023-04-12 14:21:09.086169	Fermé
2023-04-12 14:21:09.086255	Fermé
2023-04-12 14:21:09.086337	Fermé
2023-04-12 14:21:09.086419	Fermé
2023-04-12 14:21:09.086502	Fermé
2023-04-12 14:21:09.086584	Fermé
2023-04-12 14:21:09.086679	Fermé
2023-04-12 14:21:09.086775	Fermé
2023-04-12 14:21:09.086859	Fermé
2023-04-12 14:21:09.086941	Fermé
2023-04-12 14:21:09.087023	Fermé
2023-04-12 14:21:09.087103	Fermé
2023-04-12 14:21:09.087187	Fermé
2023-04-12 14:21:09.087271	Fermé
2023-04-12 14:21:09.087355	Fermé
2023-04-12 14:21:09.087438	Fermé
2023-04-12 14:21:09.087520	Fermé
2023-04-12 14:21:09.087607	Fermé
2023-04-12 14:21:09.087705	Fermé
2023-04-12 14:21:09.087789	Fermé
2023-04-12 14:21:09.087871	Fermé
2023-04-12 14:21:09.087951	Fermé
2023-04-12 14:21:09.088040	Fermé
2023-04-12 14:21:09.088123	Fermé
2023-04-12 14:21:09.088202	Fermé
2023-04-12 14:21:09.088282	Fermé
2023-04-12 14:21:09.088365	Fermé
2023-04-12 14:21:09.088446	Fermé
2023-04-12 14:21:09.088525	Fermé
2023-04-12 14:21:09.088611	Fermé
2023-04-12 14:21:09.088704	Fermé
2023-04-12 14:21:09.088788	Fermé
2023-04-12 14:21:09.088871	Fermé
2023-04-12 14:21:09.088952	Fermé
2023-04-12 14:21:09.089037	Fermé
2023-04-12 14:21:09.089118	Fermé
2023-04-12 14:21:09.089199	Fermé
2023-04-12 14:21:09.089279	Fermé
2023-04-12 14:21:09.089363	Fermé
2023-04-12 14:21:09.089448	Fermé
2023-04-12 14:21:09.089531	Fermé
2023-04-12 14:21:09.089612	Fermé
2023-04-12 14:21:09.089701	Fermé
2023-04-12 14:21:09.089794	Fermé
2023-04-12 14:21:09.089877	Fermé
2023-04-12 14:21:09.089958	Fermé
2023-04-12 14:21:09.090058	Fermé
2023-04-12 14:21:09.090143	Fermé
2023-04-12 14:21:09.090220	Fermé
2023-04-12 14:21:09.090300	Fermé
2023-04-12 14:21:09.090382	Fermé
2023-04-12 14:21:09.090460	Fermé
2023-04-12 14:21:09.090541	Fermé
2023-04-12 14:21:09.090620	Fermé
2023-04-12 14:21:09.090707	Fermé
2023-04-12 14:21:09.090796	Fermé
2023-04-12 14:21:09.090878	Fermé
2023-04-12 14:21:09.090960	Fermé
2023-04-12 14:21:09.091043	Fermé
2023-04-12 14:21:09.091123	Fermé
2023-04-12 14:21:09.091204	Fermé
2023-04-12 14:21:09.091284	Fermé
2023-04-12 14:21:09.091366	Fermé
2023-04-12 14:21:09.091448	Fermé
2023-04-12 14:21:09.091529	Fermé
2023-04-12 14:21:09.091608	Fermé
2023-04-12 14:21:09.091701	Fermé
2023-04-12 14:21:09.091786	Fermé
2023-04-12 14:21:09.091868	Fermé
2023-04-12 14:21:09.091952	Fermé
2023-04-12 14:21:09.092032	Fermé
2023-04-12 14:21:09.092111	Fermé
2023-04-12 14:21:09.092192	Fermé
2023-04-12 14:21:09.092274	Fermé
2023-04-12 14:21:09.092352	Fermé
2023-04-12 14:21:09.092431	Fermé
2023-04-12 14:21:09.092509	Fermé
2023-04-12 14:21:09.092588	Fermé
2023-04-12 14:21:09.092692	Fermé
2023-04-12 14:21:09.092776	Fermé
2023-04-12 14:21:09.092855	Fermé
2023-04-12 14:21:09.092934	Fermé
2023-04-12 14:21:09.093013	Fermé
2023-04-12 14:21:09.093093	Fermé
2023-04-12 14:21:09.093173	Fermé
2023-04-12 14:21:09.093253	Fermé
2023-04-12 14:21:09.093333	Fermé
2023-04-12 14:21:09.093413	Fermé
2023-04-12 14:21:09.093493	Fermé
2023-04-12 14:21:09.093572	Fermé
2023-04-12 14:21:09.093660	Fermé
2023-04-12 14:21:09.093743	Fermé
2023-04-12 14:21:09.093824	Fermé
2023-04-12 14:21:09.093902	Fermé
2023-04-12 14:21:09.094004	Fermé
2023-04-12 14:21:09.094105	Fermé
2023-04-12 14:21:09.094190	Fermé
2023-04-12 14:21:09.094272	Fermé
2023-04-12 14:21:09.094353	Fermé
2023-04-12 14:21:09.094434	Fermé
2023-04-12 14:21:09.094515	Fermé
2023-04-12 14:21:09.094599	Fermé
2023-04-12 14:21:09.094690	Fermé
2023-04-12 14:21:09.094770	Fermé
2023-04-12 14:21:09.094849	Fermé
2023-04-12 14:21:09.094930	Fermé
2023-04-12 14:21:09.095010	Fermé
2023-04-12 14:21:09.095090	Fermé
2023-04-12 14:21:09.095168	Fermé
2023-04-12 14:21:09.095248	Fermé
2023-04-12 14:21:09.095328	Fermé
2023-04-12 14:21:09.095409	Fermé
2023-04-12 14:21:09.095489	Fermé
2023-04-12 14:21:09.095570	Fermé
2023-04-12 14:21:09.095657	Fermé
2023-04-12 14:21:09.095738	Fermé
2023-04-12 14:21:09.095820	Fermé
2023-04-12 14:21:09.095899	Fermé
2023-04-12 14:21:09.095979	Fermé
2023-04-12 14:21:09.096057	Fermé
2023-04-12 14:21:09.096136	Fermé
2023-04-12 14:21:09.096215	Fermé
2023-04-12 14:21:09.096295	Fermé
2023-04-12 14:21:09.096375	Fermé
2023-04-12 14:21:09.096456	Fermé
2023-04-12 14:21:09.096537	Fermé
2023-04-12 14:21:09.096617	Fermé
2023-04-12 14:21:09.096711	Fermé
2023-04-12 14:21:09.096793	Fermé
2023-04-12 14:21:09.096872	Fermé
2023-04-12 14:21:09.096952	Fermé
2023-04-12 14:21:09.097033	Fermé
2023-04-12 14:21:09.097113	Fermé
2023-04-12 14:21:09.097192	Fermé
2023-04-12 14:21:09.097276	Fermé
2023-04-12 14:21:09.097359	Fermé
2023-04-12 14:21:09.097441	Fermé
2023-04-12 14:21:09.097520	Fermé
2023-04-12 14:21:09.097600	Fermé
2023-04-12 14:21:09.097720	Fermé
2023-04-12 14:21:09.097801	Fermé
2023-04-12 14:21:09.097882	Fermé
2023-04-12 14:21:09.097966	Fermé
2023-04-12 14:21:09.098049	Fermé
2023-04-12 14:21:09.098134	Fermé
2023-04-12 14:21:09.098217	Fermé
2023-04-12 14:21:09.098297	Fermé
2023-04-12 14:21:09.098382	Fermé
2023-04-12 14:21:09.098463	Fermé
2023-04-12 14:21:09.098545	Fermé
2023-04-12 14:21:09.098626	Fermé
2023-04-12 14:21:09.098715	Fermé
2023-04-12 14:21:09.098795	Fermé
2023-04-12 14:21:09.098875	Fermé
2023-04-12 14:21:09.098957	Fermé
2023-04-12 14:21:09.099039	Fermé
2023-04-12 14:21:09.099121	Fermé
2023-04-12 14:21:09.099202	Fermé
2023-04-12 14:21:09.099282	Fermé
2023-04-12 14:21:09.099359	Fermé
2023-04-12 14:21:09.099437	Fermé
2023-04-12 14:21:09.099516	Fermé
2023-04-12 14:21:09.099597	Fermé
2023-04-12 14:21:09.099668	Fermé
2023-04-12 14:21:09.099758	Fermé
2023-04-12 14:21:09.099830	Fermé
2023-04-12 14:21:09.099888	Fermé
2023-04-12 14:21:09.099948	Fermé
2023-04-12 14:21:09.100006	Fermé
2023-04-12 14:21:09.100063	Fermé
2023-04-12 14:21:09.100119	Fermé
2023-04-12 14:21:09.100174	Fermé
2023-04-12 14:21:09.100229	Fermé
2023-04-12 14:21:09.100282	Fermé
2023-04-12 14:21:09.100338	Fermé
2023-04-12 14:21:09.100379	Temps total d'éxécution : 0:00:04
