2023-04-12 14:15:04.486469	
Début du scan avec comme paramètre 
Protocole : TCP		 Nom d'hôte : 127.0.1.1
Port de début : 1		 Timeout Max. socket : 2
Port de fin : 1023		 Execution parallèle : Non

2023-04-12 14:15:04.486625	('Port 1', 'Fermé')
2023-04-12 14:15:04.486702	('Port 1', 'Fermé')
2023-04-12 14:15:04.486757	('Port 1', 'Fermé')
2023-04-12 14:15:04.486805	('Port 1', 'Fermé')
2023-04-12 14:15:04.486851	('Port 1', 'Fermé')
2023-04-12 14:15:04.486896	('Port 1', 'Fermé')
2023-04-12 14:15:04.486940	('Port 1', 'Fermé')
2023-04-12 14:15:04.486985	('Port 1', 'Fermé')
2023-04-12 14:15:04.487030	('Port 1', 'Fermé')
2023-04-12 14:15:04.487074	('Port 1', 'Fermé')
2023-04-12 14:15:04.487118	('Port 1', 'Fermé')
2023-04-12 14:15:04.487162	('Port 1', 'Fermé')
2023-04-12 14:15:04.487205	('Port 1', 'Fermé')
2023-04-12 14:15:04.487249	('Port 1', 'Fermé')
2023-04-12 14:15:04.487292	('Port 1', 'Fermé')
2023-04-12 14:15:04.487334	('Port 1', 'Fermé')
2023-04-12 14:15:04.487378	('Port 1', 'Fermé')
2023-04-12 14:15:04.487421	('Port 1', 'Fermé')
2023-04-12 14:15:04.487463	('Port 1', 'Fermé')
2023-04-12 14:15:04.487506	('Port 1', 'Fermé')
2023-04-12 14:15:04.487548	('Port 1', 'Fermé')
2023-04-12 14:15:04.487590	('Port 1', 'Fermé')
2023-04-12 14:15:04.487625	('Port 1', 'Fermé')
2023-04-12 14:15:04.487654	('Port 1', 'Fermé')
2023-04-12 14:15:04.487680	('Port 1', 'Fermé')
2023-04-12 14:15:04.487703	('Port 1', 'Fermé')
2023-04-12 14:15:04.487727	('Port 1', 'Fermé')
2023-04-12 14:15:04.487750	('Port 1', 'Fermé')
2023-04-12 14:15:04.487775	('Port 1', 'Fermé')
2023-04-12 14:15:04.487798	('Port 1', 'Fermé')
2023-04-12 14:15:04.487826	('Port 1', 'Fermé')
2023-04-12 14:15:04.487851	('Port 1', 'Fermé')
2023-04-12 14:15:04.487875	('Port 1', 'Fermé')
2023-04-12 14:15:04.487898	('Port 1', 'Fermé')
2023-04-12 14:15:04.487923	('Port 1', 'Fermé')
2023-04-12 14:15:04.487947	('Port 1', 'Fermé')
2023-04-12 14:15:04.487972	('Port 1', 'Fermé')
2023-04-12 14:15:04.487996	('Port 1', 'Fermé')
2023-04-12 14:15:04.488019	('Port 1', 'Fermé')
2023-04-12 14:15:04.488043	('Port 1', 'Fermé')
2023-04-12 14:15:04.488069	('Port 1', 'Fermé')
2023-04-12 14:15:04.488093	('Port 1', 'Fermé')
2023-04-12 14:15:04.488116	('Port 1', 'Fermé')
2023-04-12 14:15:04.488139	('Port 1', 'Fermé')
2023-04-12 14:15:04.488163	('Port 1', 'Fermé')
2023-04-12 14:15:04.488186	('Port 1', 'Fermé')
2023-04-12 14:15:04.488209	('Port 1', 'Fermé')
2023-04-12 14:15:04.488234	('Port 1', 'Fermé')
2023-04-12 14:15:04.488257	('Port 1', 'Fermé')
2023-04-12 14:15:04.488281	('Port 1', 'Fermé')
2023-04-12 14:15:04.488305	('Port 1', 'Fermé')
2023-04-12 14:15:04.488329	('Port 1', 'Fermé')
2023-04-12 14:15:04.488352	('Port 1', 'Fermé')
2023-04-12 14:15:04.488376	('Port 1', 'Fermé')
2023-04-12 14:15:04.488401	('Port 1', 'Fermé')
2023-04-12 14:15:04.488424	('Port 1', 'Fermé')
2023-04-12 14:15:04.488447	('Port 1', 'Fermé')
2023-04-12 14:15:04.488471	('Port 1', 'Fermé')
2023-04-12 14:15:04.488494	('Port 1', 'Fermé')
2023-04-12 14:15:04.488516	('Port 1', 'Fermé')
2023-04-12 14:15:04.488540	('Port 1', 'Fermé')
2023-04-12 14:15:04.488568	('Port 1', 'Fermé')
2023-04-12 14:15:04.488592	('Port 1', 'Fermé')
2023-04-12 14:15:04.488616	('Port 1', 'Fermé')
2023-04-12 14:15:04.488645	('Port 1', 'Fermé')
2023-04-12 14:15:04.488671	('Port 1', 'Fermé')
2023-04-12 14:15:04.488695	('Port 1', 'Fermé')
2023-04-12 14:15:04.488719	('Port 1', 'Fermé')
2023-04-12 14:15:04.488742	('Port 1', 'Fermé')
2023-04-12 14:15:04.488766	('Port 1', 'Fermé')
2023-04-12 14:15:04.488788	('Port 1', 'Fermé')
2023-04-12 14:15:04.488811	('Port 1', 'Fermé')
2023-04-12 14:15:04.488835	('Port 1', 'Fermé')
2023-04-12 14:15:04.488857	('Port 1', 'Fermé')
2023-04-12 14:15:04.488880	('Port 1', 'Fermé')
2023-04-12 14:15:04.488903	('Port 1', 'Fermé')
2023-04-12 14:15:04.488926	('Port 1', 'Fermé')
2023-04-12 14:15:04.488949	('Port 1', 'Fermé')
2023-04-12 14:15:04.488972	('Port 1', 'Fermé')
2023-04-12 14:15:04.488995	('Port 1', 'Fermé')
2023-04-12 14:15:04.489019	('Port 1', 'Fermé')
2023-04-12 14:15:04.489043	('Port 1', 'Fermé')
2023-04-12 14:15:04.489065	('Port 1', 'Fermé')
2023-04-12 14:15:04.489089	('Port 1', 'Fermé')
2023-04-12 14:15:04.489112	('Port 1', 'Fermé')
2023-04-12 14:15:04.489136	('Port 1', 'Fermé')
2023-04-12 14:15:04.489159	('Port 1', 'Fermé')
2023-04-12 14:15:04.489182	('Port 1', 'Fermé')
2023-04-12 14:15:04.489205	('Port 1', 'Fermé')
2023-04-12 14:15:04.489229	('Port 1', 'Fermé')
2023-04-12 14:15:04.489252	('Port 1', 'Fermé')
2023-04-12 14:15:04.489275	('Port 1', 'Fermé')
2023-04-12 14:15:04.489298	('Port 1', 'Fermé')
2023-04-12 14:15:04.489326	('Port 1', 'Fermé')
2023-04-12 14:15:04.489349	('Port 1', 'Fermé')
2023-04-12 14:15:04.489372	('Port 1', 'Fermé')
2023-04-12 14:15:04.489395	('Port 1', 'Fermé')
2023-04-12 14:15:04.489418	('Port 1', 'Fermé')
2023-04-12 14:15:04.489441	('Port 1', 'Fermé')
2023-04-12 14:15:04.489464	('Port 1', 'Fermé')
2023-04-12 14:15:04.489488	('Port 1', 'Fermé')
2023-04-12 14:15:04.489511	('Port 1', 'Fermé')
2023-04-12 14:15:04.489535	('Port 1', 'Fermé')
2023-04-12 14:15:04.489558	('Port 1', 'Fermé')
2023-04-12 14:15:04.489582	('Port 1', 'Fermé')
2023-04-12 14:15:04.489604	('Port 1', 'Fermé')
2023-04-12 14:15:04.489628	('Port 1', 'Fermé')
2023-04-12 14:15:04.489657	('Port 1', 'Fermé')
2023-04-12 14:15:04.489682	('Port 1', 'Fermé')
2023-04-12 14:15:04.489705	('Port 1', 'Fermé')
2023-04-12 14:15:04.489728	('Port 1', 'Fermé')
2023-04-12 14:15:04.489752	('Port 1', 'Fermé')
2023-04-12 14:15:04.489775	('Port 1', 'Fermé')
2023-04-12 14:15:04.489799	('Port 1', 'Fermé')
2023-04-12 14:15:04.489822	('Port 1', 'Fermé')
2023-04-12 14:15:04.489845	('Port 1', 'Fermé')
2023-04-12 14:15:04.489868	('Port 1', 'Fermé')
2023-04-12 14:15:04.489892	('Port 1', 'Fermé')
2023-04-12 14:15:04.489915	('Port 1', 'Fermé')
2023-04-12 14:15:04.489938	('Port 1', 'Fermé')
2023-04-12 14:15:04.489962	('Port 1', 'Fermé')
2023-04-12 14:15:04.489986	('Port 1', 'Fermé')
2023-04-12 14:15:04.490009	('Port 1', 'Fermé')
2023-04-12 14:15:04.490032	('Port 1', 'Fermé')
2023-04-12 14:15:04.490055	('Port 1', 'Fermé')
2023-04-12 14:15:04.490082	('Port 1', 'Fermé')
2023-04-12 14:15:04.490105	('Port 1', 'Fermé')
2023-04-12 14:15:04.490128	('Port 1', 'Fermé')
2023-04-12 14:15:04.490151	('Port 1', 'Fermé')
2023-04-12 14:15:04.490174	('Port 1', 'Fermé')
2023-04-12 14:15:04.490197	('Port 1', 'Fermé')
2023-04-12 14:15:04.490220	('Port 1', 'Fermé')
2023-04-12 14:15:04.490242	('Port 1', 'Fermé')
2023-04-12 14:15:04.490266	('Port 1', 'Fermé')
2023-04-12 14:15:04.490289	('Port 1', 'Fermé')
2023-04-12 14:15:04.490311	('Port 1', 'Fermé')
2023-04-12 14:15:04.490334	('Port 1', 'Fermé')
2023-04-12 14:15:04.490357	('Port 1', 'Fermé')
2023-04-12 14:15:04.490381	('Port 1', 'Fermé')
2023-04-12 14:15:04.490405	('Port 1', 'Fermé')
2023-04-12 14:15:04.490429	('Port 1', 'Fermé')
2023-04-12 14:15:04.490453	('Port 1', 'Fermé')
2023-04-12 14:15:04.490476	('Port 1', 'Fermé')
2023-04-12 14:15:04.490500	('Port 1', 'Fermé')
2023-04-12 14:15:04.490524	('Port 1', 'Fermé')
2023-04-12 14:15:04.490547	('Port 1', 'Fermé')
2023-04-12 14:15:04.490570	('Port 1', 'Fermé')
2023-04-12 14:15:04.490593	('Port 1', 'Fermé')
2023-04-12 14:15:04.490616	('Port 1', 'Fermé')
2023-04-12 14:15:04.490644	('Port 1', 'Fermé')
2023-04-12 14:15:04.490674	('Port 1', 'Fermé')
2023-04-12 14:15:04.490698	('Port 1', 'Fermé')
2023-04-12 14:15:04.490721	('Port 1', 'Fermé')
2023-04-12 14:15:04.490744	('Port 1', 'Fermé')
2023-04-12 14:15:04.490767	('Port 1', 'Fermé')
2023-04-12 14:15:04.490790	('Port 1', 'Fermé')
2023-04-12 14:15:04.490814	('Port 1', 'Fermé')
2023-04-12 14:15:04.490840	('Port 1', 'Fermé')
2023-04-12 14:15:04.490864	('Port 1', 'Fermé')
2023-04-12 14:15:04.490888	('Port 1', 'Fermé')
2023-04-12 14:15:04.490911	('Port 1', 'Fermé')
2023-04-12 14:15:04.490934	('Port 1', 'Fermé')
2023-04-12 14:15:04.490958	('Port 1', 'Fermé')
2023-04-12 14:15:04.490982	('Port 1', 'Fermé')
2023-04-12 14:15:04.491006	('Port 1', 'Fermé')
2023-04-12 14:15:04.491029	('Port 1', 'Fermé')
2023-04-12 14:15:04.491053	('Port 1', 'Fermé')
2023-04-12 14:15:04.491076	('Port 1', 'Fermé')
2023-04-12 14:15:04.491100	('Port 1', 'Fermé')
2023-04-12 14:15:04.491123	('Port 1', 'Fermé')
2023-04-12 14:15:04.491147	('Port 1', 'Fermé')
2023-04-12 14:15:04.491170	('Port 1', 'Fermé')
2023-04-12 14:15:04.491193	('Port 1', 'Fermé')
2023-04-12 14:15:04.491216	('Port 1', 'Fermé')
2023-04-12 14:15:04.491239	('Port 1', 'Fermé')
2023-04-12 14:15:04.491263	('Port 1', 'Fermé')
2023-04-12 14:15:04.491286	('Port 1', 'Fermé')
2023-04-12 14:15:04.491309	('Port 1', 'Fermé')
2023-04-12 14:15:04.491332	('Port 1', 'Fermé')
2023-04-12 14:15:04.491356	('Port 1', 'Fermé')
2023-04-12 14:15:04.491379	('Port 1', 'Fermé')
2023-04-12 14:15:04.491402	('Port 1', 'Fermé')
2023-04-12 14:15:04.491425	('Port 1', 'Fermé')
2023-04-12 14:15:04.491449	('Port 1', 'Fermé')
2023-04-12 14:15:04.491472	('Port 1', 'Fermé')
2023-04-12 14:15:04.491495	('Port 1', 'Fermé')
2023-04-12 14:15:04.491519	('Port 1', 'Fermé')
2023-04-12 14:15:04.491542	('Port 1', 'Fermé')
2023-04-12 14:15:04.491569	('Port 1', 'Fermé')
2023-04-12 14:15:04.491597	('Port 1', 'Fermé')
2023-04-12 14:15:04.491620	('Port 1', 'Fermé')
2023-04-12 14:15:04.491651	('Port 1', 'Fermé')
2023-04-12 14:15:04.491677	('Port 1', 'Fermé')
2023-04-12 14:15:04.491700	('Port 1', 'Fermé')
2023-04-12 14:15:04.491723	('Port 1', 'Fermé')
2023-04-12 14:15:04.491745	('Port 1', 'Fermé')
2023-04-12 14:15:04.491768	('Port 1', 'Fermé')
2023-04-12 14:15:04.491791	('Port 1', 'Fermé')
2023-04-12 14:15:04.491815	('Port 1', 'Fermé')
2023-04-12 14:15:04.491838	('Port 1', 'Fermé')
2023-04-12 14:15:04.491862	('Port 1', 'Fermé')
2023-04-12 14:15:04.491886	('Port 1', 'Fermé')
2023-04-12 14:15:04.491909	('Port 1', 'Fermé')
2023-04-12 14:15:04.491933	('Port 1', 'Fermé')
2023-04-12 14:15:04.491958	('Port 1', 'Fermé')
2023-04-12 14:15:04.491981	('Port 1', 'Fermé')
2023-04-12 14:15:04.492004	('Port 1', 'Fermé')
2023-04-12 14:15:04.492027	('Port 1', 'Fermé')
2023-04-12 14:15:04.492050	('Port 1', 'Fermé')
2023-04-12 14:15:04.492073	('Port 1', 'Fermé')
2023-04-12 14:15:04.492097	('Port 1', 'Fermé')
2023-04-12 14:15:04.492119	('Port 1', 'Fermé')
2023-04-12 14:15:04.492143	('Port 1', 'Fermé')
2023-04-12 14:15:04.492166	('Port 1', 'Fermé')
2023-04-12 14:15:04.492190	('Port 1', 'Fermé')
2023-04-12 14:15:04.492213	('Port 1', 'Fermé')
2023-04-12 14:15:04.492237	('Port 1', 'Fermé')
2023-04-12 14:15:04.492260	('Port 1', 'Fermé')
2023-04-12 14:15:04.492283	('Port 1', 'Fermé')
2023-04-12 14:15:04.492307	('Port 1', 'Fermé')
2023-04-12 14:15:04.492333	('Port 1', 'Fermé')
2023-04-12 14:15:04.492358	('Port 1', 'Fermé')
2023-04-12 14:15:04.492381	('Port 1', 'Fermé')
2023-04-12 14:15:04.492403	('Port 1', 'Fermé')
2023-04-12 14:15:04.492427	('Port 1', 'Fermé')
2023-04-12 14:15:04.492450	('Port 1', 'Fermé')
2023-04-12 14:15:04.492473	('Port 1', 'Fermé')
2023-04-12 14:15:04.492496	('Port 1', 'Fermé')
2023-04-12 14:15:04.492520	('Port 1', 'Fermé')
2023-04-12 14:15:04.492548	('Port 1', 'Fermé')
2023-04-12 14:15:04.492572	('Port 1', 'Fermé')
2023-04-12 14:15:04.492595	('Port 1', 'Fermé')
2023-04-12 14:15:04.492618	('Port 1', 'Fermé')
2023-04-12 14:15:04.492647	('Port 1', 'Fermé')
2023-04-12 14:15:04.492672	('Port 1', 'Fermé')
2023-04-12 14:15:04.492696	('Port 1', 'Fermé')
2023-04-12 14:15:04.492719	('Port 1', 'Fermé')
2023-04-12 14:15:04.492742	('Port 1', 'Fermé')
2023-04-12 14:15:04.492766	('Port 1', 'Fermé')
2023-04-12 14:15:04.492789	('Port 1', 'Fermé')
2023-04-12 14:15:04.492812	('Port 1', 'Fermé')
2023-04-12 14:15:04.492836	('Port 1', 'Fermé')
2023-04-12 14:15:04.492859	('Port 1', 'Fermé')
2023-04-12 14:15:04.492882	('Port 1', 'Fermé')
2023-04-12 14:15:04.492906	('Port 1', 'Fermé')
2023-04-12 14:15:04.492930	('Port 1', 'Fermé')
2023-04-12 14:15:04.492953	('Port 1', 'Fermé')
2023-04-12 14:15:04.492976	('Port 1', 'Fermé')
2023-04-12 14:15:04.493000	('Port 1', 'Fermé')
2023-04-12 14:15:04.493023	('Port 1', 'Fermé')
2023-04-12 14:15:04.493047	('Port 1', 'Fermé')
2023-04-12 14:15:04.493070	('Port 1', 'Fermé')
2023-04-12 14:15:04.493097	('Port 1', 'Fermé')
2023-04-12 14:15:04.493121	('Port 1', 'Fermé')
2023-04-12 14:15:04.493144	('Port 1', 'Fermé')
2023-04-12 14:15:04.493167	('Port 1', 'Fermé')
2023-04-12 14:15:04.493190	('Port 1', 'Fermé')
2023-04-12 14:15:04.493214	('Port 1', 'Fermé')
2023-04-12 14:15:04.493238	('Port 1', 'Fermé')
2023-04-12 14:15:04.493261	('Port 1', 'Fermé')
2023-04-12 14:15:04.493285	('Port 1', 'Fermé')
2023-04-12 14:15:04.493308	('Port 1', 'Fermé')
2023-04-12 14:15:04.493331	('Port 1', 'Fermé')
2023-04-12 14:15:04.493354	('Port 1', 'Fermé')
2023-04-12 14:15:04.493378	('Port 1', 'Fermé')
2023-04-12 14:15:04.493401	('Port 1', 'Fermé')
2023-04-12 14:15:04.493424	('Port 1', 'Fermé')
2023-04-12 14:15:04.493448	('Port 1', 'Fermé')
2023-04-12 14:15:04.493476	('Port 1', 'Fermé')
2023-04-12 14:15:04.493501	('Port 1', 'Fermé')
2023-04-12 14:15:04.493524	('Port 1', 'Fermé')
2023-04-12 14:15:04.493547	('Port 1', 'Fermé')
2023-04-12 14:15:04.493570	('Port 1', 'Fermé')
2023-04-12 14:15:04.493593	('Port 1', 'Fermé')
2023-04-12 14:15:04.493617	('Port 1', 'Fermé')
2023-04-12 14:15:04.493645	('Port 1', 'Fermé')
2023-04-12 14:15:04.493670	('Port 1', 'Fermé')
2023-04-12 14:15:04.493694	('Port 1', 'Fermé')
2023-04-12 14:15:04.493717	('Port 1', 'Fermé')
2023-04-12 14:15:04.493741	('Port 1', 'Fermé')
2023-04-12 14:15:04.493766	('Port 1', 'Fermé')
2023-04-12 14:15:04.493789	('Port 1', 'Fermé')
2023-04-12 14:15:04.493812	('Port 1', 'Fermé')
2023-04-12 14:15:04.493835	('Port 1', 'Fermé')
2023-04-12 14:15:04.493863	('Port 1', 'Fermé')
2023-04-12 14:15:04.493886	('Port 1', 'Fermé')
2023-04-12 14:15:04.493910	('Port 1', 'Fermé')
2023-04-12 14:15:04.493933	('Port 1', 'Fermé')
2023-04-12 14:15:04.493956	('Port 1', 'Fermé')
2023-04-12 14:15:04.493979	('Port 1', 'Fermé')
2023-04-12 14:15:04.494003	('Port 1', 'Fermé')
2023-04-12 14:15:04.494026	('Port 1', 'Fermé')
2023-04-12 14:15:04.494050	('Port 1', 'Fermé')
2023-04-12 14:15:04.494074	('Port 1', 'Fermé')
2023-04-12 14:15:04.494097	('Port 1', 'Fermé')
2023-04-12 14:15:04.494121	('Port 1', 'Fermé')
2023-04-12 14:15:04.494144	('Port 1', 'Fermé')
2023-04-12 14:15:04.494167	('Port 1', 'Fermé')
2023-04-12 14:15:04.494190	('Port 1', 'Fermé')
2023-04-12 14:15:04.494214	('Port 1', 'Fermé')
2023-04-12 14:15:04.494237	('Port 1', 'Fermé')
2023-04-12 14:15:04.494261	('Port 1', 'Fermé')
2023-04-12 14:15:04.494285	('Port 1', 'Fermé')
2023-04-12 14:15:04.494308	('Port 1', 'Fermé')
2023-04-12 14:15:04.494331	('Port 1', 'Fermé')
2023-04-12 14:15:04.494355	('Port 1', 'Fermé')
2023-04-12 14:15:04.494379	('Port 1', 'Fermé')
2023-04-12 14:15:04.494406	('Port 1', 'Fermé')
2023-04-12 14:15:04.494430	('Port 1', 'Fermé')
2023-04-12 14:15:04.494454	('Port 1', 'Fermé')
2023-04-12 14:15:04.494478	('Port 1', 'Fermé')
2023-04-12 14:15:04.494501	('Port 1', 'Fermé')
2023-04-12 14:15:04.494524	('Port 1', 'Fermé')
2023-04-12 14:15:04.494547	('Port 1', 'Fermé')
2023-04-12 14:15:04.494570	('Port 1', 'Fermé')
2023-04-12 14:15:04.494597	('Port 1', 'Fermé')
2023-04-12 14:15:04.494621	('Port 1', 'Fermé')
2023-04-12 14:15:04.494649	('Port 1', 'Fermé')
2023-04-12 14:15:04.494674	('Port 1', 'Fermé')
2023-04-12 14:15:04.494697	('Port 1', 'Fermé')
2023-04-12 14:15:04.494720	('Port 1', 'Fermé')
2023-04-12 14:15:04.494744	('Port 1', 'Fermé')
2023-04-12 14:15:04.494766	('Port 1', 'Fermé')
2023-04-12 14:15:04.494789	('Port 1', 'Fermé')
2023-04-12 14:15:04.494812	('Port 1', 'Fermé')
2023-04-12 14:15:04.494835	('Port 1', 'Fermé')
2023-04-12 14:15:04.494858	('Port 1', 'Fermé')
2023-04-12 14:15:04.494881	('Port 1', 'Fermé')
2023-04-12 14:15:04.494905	('Port 1', 'Fermé')
2023-04-12 14:15:04.494927	('Port 1', 'Fermé')
2023-04-12 14:15:04.494950	('Port 1', 'Fermé')
2023-04-12 14:15:04.494974	('Port 1', 'Fermé')
2023-04-12 14:15:04.494997	('Port 1', 'Fermé')
2023-04-12 14:15:04.495020	('Port 1', 'Fermé')
2023-04-12 14:15:04.495043	('Port 1', 'Fermé')
2023-04-12 14:15:04.495065	('Port 1', 'Fermé')
2023-04-12 14:15:04.495089	('Port 1', 'Fermé')
2023-04-12 14:15:04.495112	('Port 1', 'Fermé')
2023-04-12 14:15:04.495135	('Port 1', 'Fermé')
2023-04-12 14:15:04.495158	('Port 1', 'Fermé')
2023-04-12 14:15:04.495182	('Port 1', 'Fermé')
2023-04-12 14:15:04.495204	('Port 1', 'Fermé')
2023-04-12 14:15:04.495228	('Port 1', 'Fermé')
2023-04-12 14:15:04.495252	('Port 1', 'Fermé')
2023-04-12 14:15:04.495277	('Port 1', 'Fermé')
2023-04-12 14:15:04.495322	('Port 1', 'Fermé')
2023-04-12 14:15:04.495357	('Port 1', 'Fermé')
2023-04-12 14:15:04.495385	('Port 1', 'Fermé')
2023-04-12 14:15:04.495410	('Port 1', 'Fermé')
2023-04-12 14:15:04.495434	('Port 1', 'Fermé')
2023-04-12 14:15:04.495465	('Port 1', 'Fermé')
2023-04-12 14:15:04.495496	('Port 1', 'Fermé')
2023-04-12 14:15:04.495526	('Port 1', 'Fermé')
2023-04-12 14:15:04.495557	('Port 1', 'Fermé')
2023-04-12 14:15:04.495588	('Port 1', 'Fermé')
2023-04-12 14:15:04.495618	('Port 1', 'Fermé')
2023-04-12 14:15:04.495656	('Port 1', 'Fermé')
2023-04-12 14:15:04.495688	('Port 1', 'Fermé')
2023-04-12 14:15:04.495718	('Port 1', 'Fermé')
2023-04-12 14:15:04.495748	('Port 1', 'Fermé')
2023-04-12 14:15:04.495779	('Port 1', 'Fermé')
2023-04-12 14:15:04.495809	('Port 1', 'Fermé')
2023-04-12 14:15:04.495840	('Port 1', 'Fermé')
2023-04-12 14:15:04.495872	('Port 1', 'Fermé')
2023-04-12 14:15:04.495902	('Port 1', 'Fermé')
2023-04-12 14:15:04.495934	('Port 1', 'Fermé')
2023-04-12 14:15:04.495964	('Port 1', 'Fermé')
2023-04-12 14:15:04.495995	('Port 1', 'Fermé')
2023-04-12 14:15:04.496026	('Port 1', 'Fermé')
2023-04-12 14:15:04.496056	('Port 1', 'Fermé')
2023-04-12 14:15:04.496086	('Port 1', 'Fermé')
2023-04-12 14:15:04.496116	('Port 1', 'Fermé')
2023-04-12 14:15:04.496147	('Port 1', 'Fermé')
2023-04-12 14:15:04.496178	('Port 1', 'Fermé')
2023-04-12 14:15:04.496209	('Port 1', 'Fermé')
2023-04-12 14:15:04.496240	('Port 1', 'Fermé')
2023-04-12 14:15:04.496290	('Port 1', 'Fermé')
2023-04-12 14:15:04.496334	('Port 1', 'Fermé')
2023-04-12 14:15:04.496367	('Port 1', 'Fermé')
2023-04-12 14:15:04.496421	('Port 1', 'Fermé')
2023-04-12 14:15:04.496456	('Port 1', 'Fermé')
2023-04-12 14:15:04.496488	('Port 1', 'Fermé')
2023-04-12 14:15:04.496519	('Port 1', 'Fermé')
2023-04-12 14:15:04.496550	('Port 1', 'Fermé')
2023-04-12 14:15:04.496582	('Port 1', 'Fermé')
2023-04-12 14:15:04.496618	('Port 1', 'Fermé')
2023-04-12 14:15:04.496656	('Port 1', 'Fermé')
2023-04-12 14:15:04.496681	('Port 1', 'Fermé')
2023-04-12 14:15:04.496704	('Port 1', 'Fermé')
2023-04-12 14:15:04.496727	('Port 1', 'Fermé')
2023-04-12 14:15:04.496750	('Port 1', 'Fermé')
2023-04-12 14:15:04.496773	('Port 1', 'Fermé')
2023-04-12 14:15:04.496796	('Port 1', 'Fermé')
2023-04-12 14:15:04.496819	('Port 1', 'Fermé')
2023-04-12 14:15:04.496842	('Port 1', 'Fermé')
2023-04-12 14:15:04.496866	('Port 1', 'Fermé')
2023-04-12 14:15:04.496888	('Port 1', 'Fermé')
2023-04-12 14:15:04.496912	('Port 1', 'Fermé')
2023-04-12 14:15:04.496935	('Port 1', 'Fermé')
2023-04-12 14:15:04.496959	('Port 1', 'Fermé')
2023-04-12 14:15:04.496983	('Port 1', 'Fermé')
2023-04-12 14:15:04.497006	('Port 1', 'Fermé')
2023-04-12 14:15:04.497030	('Port 1', 'Fermé')
2023-04-12 14:15:04.497053	('Port 1', 'Fermé')
2023-04-12 14:15:04.497077	('Port 1', 'Fermé')
2023-04-12 14:15:04.497100	('Port 1', 'Fermé')
2023-04-12 14:15:04.497123	('Port 1', 'Fermé')
2023-04-12 14:15:04.497147	('Port 1', 'Fermé')
2023-04-12 14:15:04.497169	('Port 1', 'Fermé')
2023-04-12 14:15:04.497192	('Port 1', 'Fermé')
2023-04-12 14:15:04.497214	('Port 1', 'Fermé')
2023-04-12 14:15:04.497243	('Port 1', 'Fermé')
2023-04-12 14:15:04.497268	('Port 1', 'Fermé')
2023-04-12 14:15:04.497292	('Port 1', 'Fermé')
2023-04-12 14:15:04.497315	('Port 1', 'Fermé')
2023-04-12 14:15:04.497338	('Port 1', 'Fermé')
2023-04-12 14:15:04.497361	('Port 1', 'Fermé')
2023-04-12 14:15:04.497385	('Port 1', 'Fermé')
2023-04-12 14:15:04.497407	('Port 1', 'Fermé')
2023-04-12 14:15:04.497431	('Port 1', 'Fermé')
2023-04-12 14:15:04.497454	('Port 1', 'Fermé')
2023-04-12 14:15:04.497477	('Port 1', 'Fermé')
2023-04-12 14:15:04.497501	('Port 1', 'Fermé')
2023-04-12 14:15:04.497523	('Port 1', 'Fermé')
2023-04-12 14:15:04.497552	('Port 1', 'Fermé')
2023-04-12 14:15:04.497576	('Port 1', 'Fermé')
2023-04-12 14:15:04.497599	('Port 1', 'Fermé')
2023-04-12 14:15:04.497622	('Port 1', 'Fermé')
2023-04-12 14:15:04.497652	('Port 1', 'Fermé')
2023-04-12 14:15:04.497677	('Port 1', 'Fermé')
2023-04-12 14:15:04.497701	('Port 1', 'Fermé')
2023-04-12 14:15:04.497724	('Port 1', 'Fermé')
2023-04-12 14:15:04.497749	('Port 1', 'Fermé')
2023-04-12 14:15:04.497772	('Port 1', 'Fermé')
2023-04-12 14:15:04.497795	('Port 1', 'Fermé')
2023-04-12 14:15:04.497818	('Port 1', 'Fermé')
2023-04-12 14:15:04.497841	('Port 1', 'Fermé')
2023-04-12 14:15:04.497863	('Port 1', 'Fermé')
2023-04-12 14:15:04.497887	('Port 1', 'Fermé')
2023-04-12 14:15:04.497911	('Port 1', 'Fermé')
2023-04-12 14:15:04.497934	('Port 1', 'Fermé')
2023-04-12 14:15:04.497957	('Port 1', 'Fermé')
2023-04-12 14:15:04.497984	('Port 1', 'Fermé')
2023-04-12 14:15:04.498007	('Port 1', 'Fermé')
2023-04-12 14:15:04.498031	('Port 1', 'Fermé')
2023-04-12 14:15:04.498054	('Port 1', 'Fermé')
2023-04-12 14:15:04.498077	('Port 1', 'Fermé')
2023-04-12 14:15:04.498100	('Port 1', 'Fermé')
2023-04-12 14:15:04.498123	('Port 1', 'Fermé')
2023-04-12 14:15:04.498146	('Port 1', 'Fermé')
2023-04-12 14:15:04.498169	('Port 1', 'Fermé')
2023-04-12 14:15:04.498192	('Port 1', 'Fermé')
2023-04-12 14:15:04.498216	('Port 1', 'Fermé')
2023-04-12 14:15:04.498239	('Port 1', 'Fermé')
2023-04-12 14:15:04.498263	('Port 1', 'Fermé')
2023-04-12 14:15:04.498286	('Port 1', 'Fermé')
2023-04-12 14:15:04.498310	('Port 1', 'Fermé')
2023-04-12 14:15:04.498333	('Port 1', 'Fermé')
2023-04-12 14:15:04.498357	('Port 1', 'Fermé')
2023-04-12 14:15:04.498380	('Port 1', 'Fermé')
2023-04-12 14:15:04.498402	('Port 1', 'Fermé')
2023-04-12 14:15:04.498425	('Port 1', 'Fermé')
2023-04-12 14:15:04.498465	('Port 1', 'Fermé')
2023-04-12 14:15:04.498514	('Port 1', 'Fermé')
2023-04-12 14:15:04.498557	('Port 1', 'Fermé')
2023-04-12 14:15:04.498598	('Port 1', 'Fermé')
2023-04-12 14:15:04.498646	('Port 1', 'Fermé')
2023-04-12 14:15:04.498691	('Port 1', 'Fermé')
2023-04-12 14:15:04.498735	('Port 1', 'Fermé')
2023-04-12 14:15:04.498778	('Port 1', 'Fermé')
2023-04-12 14:15:04.498821	('Port 1', 'Fermé')
2023-04-12 14:15:04.498862	('Port 1', 'Fermé')
2023-04-12 14:15:04.498903	('Port 1', 'Fermé')
2023-04-12 14:15:04.498945	('Port 1', 'Fermé')
2023-04-12 14:15:04.498992	('Port 1', 'Fermé')
2023-04-12 14:15:04.499033	('Port 1', 'Fermé')
2023-04-12 14:15:04.499075	('Port 1', 'Fermé')
2023-04-12 14:15:04.499116	('Port 1', 'Fermé')
2023-04-12 14:15:04.499157	('Port 1', 'Fermé')
2023-04-12 14:15:04.499198	('Port 1', 'Fermé')
2023-04-12 14:15:04.499240	('Port 1', 'Fermé')
2023-04-12 14:15:04.499280	('Port 1', 'Fermé')
2023-04-12 14:15:04.499320	('Port 1', 'Fermé')
2023-04-12 14:15:04.499361	('Port 1', 'Fermé')
2023-04-12 14:15:04.499402	('Port 1', 'Fermé')
2023-04-12 14:15:04.499443	('Port 1', 'Fermé')
2023-04-12 14:15:04.499486	('Port 1', 'Fermé')
2023-04-12 14:15:04.499516	('Port 1', 'Fermé')
2023-04-12 14:15:04.499547	('Port 1', 'Fermé')
2023-04-12 14:15:04.499576	('Port 1', 'Fermé')
2023-04-12 14:15:04.499606	('Port 1', 'Fermé')
2023-04-12 14:15:04.499642	('Port 1', 'Fermé')
2023-04-12 14:15:04.499676	('Port 1', 'Fermé')
2023-04-12 14:15:04.499707	('Port 1', 'Fermé')
2023-04-12 14:15:04.499737	('Port 1', 'Fermé')
2023-04-12 14:15:04.499767	('Port 1', 'Fermé')
2023-04-12 14:15:04.499798	('Port 1', 'Fermé')
2023-04-12 14:15:04.499828	('Port 1', 'Fermé')
2023-04-12 14:15:04.499859	('Port 1', 'Fermé')
2023-04-12 14:15:04.499889	('Port 1', 'Fermé')
2023-04-12 14:15:04.499919	('Port 1', 'Fermé')
2023-04-12 14:15:04.499950	('Port 1', 'Fermé')
2023-04-12 14:15:04.499986	('Port 1', 'Fermé')
2023-04-12 14:15:04.500016	('Port 1', 'Fermé')
2023-04-12 14:15:04.500046	('Port 1', 'Fermé')
2023-04-12 14:15:04.500076	('Port 1', 'Fermé')
2023-04-12 14:15:04.500110	('Port 1', 'Fermé')
2023-04-12 14:15:04.500142	('Port 1', 'Fermé')
2023-04-12 14:15:04.500173	('Port 1', 'Fermé')
2023-04-12 14:15:04.500205	('Port 1', 'Fermé')
2023-04-12 14:15:04.500235	('Port 1', 'Fermé')
2023-04-12 14:15:04.500266	('Port 1', 'Fermé')
2023-04-12 14:15:04.500296	('Port 1', 'Fermé')
2023-04-12 14:15:04.500328	('Port 1', 'Fermé')
2023-04-12 14:15:04.500358	('Port 1', 'Fermé')
2023-04-12 14:15:04.500389	('Port 1', 'Fermé')
2023-04-12 14:15:04.500419	('Port 1', 'Fermé')
2023-04-12 14:15:04.500449	('Port 1', 'Fermé')
2023-04-12 14:15:04.500481	('Port 1', 'Fermé')
2023-04-12 14:15:04.500511	('Port 1', 'Fermé')
2023-04-12 14:15:04.500543	('Port 1', 'Fermé')
2023-04-12 14:15:04.500573	('Port 1', 'Fermé')
2023-04-12 14:15:04.500603	('Port 1', 'Fermé')
2023-04-12 14:15:04.500633	('Port 1', 'Fermé')
2023-04-12 14:15:04.500690	('Port 1', 'Fermé')
2023-04-12 14:15:04.500713	('Port 1', 'Fermé')
2023-04-12 14:15:04.500737	('Port 1', 'Fermé')
2023-04-12 14:15:04.500760	('Port 1', 'Fermé')
2023-04-12 14:15:04.500784	('Port 1', 'Fermé')
2023-04-12 14:15:04.500807	('Port 1', 'Fermé')
2023-04-12 14:15:04.500829	('Port 1', 'Fermé')
2023-04-12 14:15:04.500852	('Port 1', 'Fermé')
2023-04-12 14:15:04.500874	('Port 1', 'Fermé')
2023-04-12 14:15:04.500898	('Port 1', 'Fermé')
2023-04-12 14:15:04.500921	('Port 1', 'Fermé')
2023-04-12 14:15:04.500944	('Port 1', 'Fermé')
2023-04-12 14:15:04.500967	('Port 1', 'Fermé')
2023-04-12 14:15:04.500990	('Port 1', 'Fermé')
2023-04-12 14:15:04.501017	('Port 1', 'Fermé')
2023-04-12 14:15:04.501041	('Port 1', 'Fermé')
2023-04-12 14:15:04.501065	('Port 1', 'Fermé')
2023-04-12 14:15:04.501087	('Port 1', 'Fermé')
2023-04-12 14:15:04.501110	('Port 1', 'Fermé')
2023-04-12 14:15:04.501134	('Port 1', 'Fermé')
2023-04-12 14:15:04.501157	('Port 1', 'Fermé')
2023-04-12 14:15:04.501180	('Port 1', 'Fermé')
2023-04-12 14:15:04.501203	('Port 1', 'Fermé')
2023-04-12 14:15:04.501225	('Port 1', 'Fermé')
2023-04-12 14:15:04.501248	('Port 1', 'Fermé')
2023-04-12 14:15:04.501271	('Port 1', 'Fermé')
2023-04-12 14:15:04.501294	('Port 1', 'Fermé')
2023-04-12 14:15:04.501318	('Port 1', 'Fermé')
2023-04-12 14:15:04.501341	('Port 1', 'Fermé')
2023-04-12 14:15:04.501365	('Port 1', 'Fermé')
2023-04-12 14:15:04.501388	('Port 1', 'Fermé')
2023-04-12 14:15:04.501411	('Port 1', 'Fermé')
2023-04-12 14:15:04.501435	('Port 1', 'Fermé')
2023-04-12 14:15:04.501458	('Port 1', 'Fermé')
2023-04-12 14:15:04.501482	('Port 1', 'Fermé')
2023-04-12 14:15:04.501504	('Port 1', 'Fermé')
2023-04-12 14:15:04.501527	('Port 1', 'Fermé')
2023-04-12 14:15:04.501550	('Port 1', 'Fermé')
2023-04-12 14:15:04.501573	('Port 1', 'Fermé')
2023-04-12 14:15:04.501596	('Port 1', 'Fermé')
2023-04-12 14:15:04.501620	('Port 1', 'Fermé')
2023-04-12 14:15:04.501648	('Port 1', 'Fermé')
2023-04-12 14:15:04.501672	('Port 1', 'Fermé')
2023-04-12 14:15:04.501695	('Port 1', 'Fermé')
2023-04-12 14:15:04.501717	('Port 1', 'Fermé')
2023-04-12 14:15:04.501743	('Port 1', 'Fermé')
2023-04-12 14:15:04.501767	('Port 1', 'Fermé')
2023-04-12 14:15:04.501790	('Port 1', 'Fermé')
2023-04-12 14:15:04.501812	('Port 1', 'Fermé')
2023-04-12 14:15:04.501835	('Port 1', 'Fermé')
2023-04-12 14:15:04.501858	('Port 1', 'Fermé')
2023-04-12 14:15:04.501881	('Port 1', 'Fermé')
2023-04-12 14:15:04.501905	('Port 1', 'Fermé')
2023-04-12 14:15:04.501927	('Port 1', 'Fermé')
2023-04-12 14:15:04.501950	('Port 1', 'Fermé')
2023-04-12 14:15:04.501973	('Port 1', 'Fermé')
2023-04-12 14:15:04.501996	('Port 1', 'Fermé')
2023-04-12 14:15:04.502019	('Port 1', 'Fermé')
2023-04-12 14:15:04.502041	('Port 1', 'Fermé')
2023-04-12 14:15:04.502064	('Port 1', 'Fermé')
2023-04-12 14:15:04.502087	('Port 1', 'Fermé')
2023-04-12 14:15:04.502109	('Port 1', 'Fermé')
2023-04-12 14:15:04.502133	('Port 1', 'Fermé')
2023-04-12 14:15:04.502155	('Port 1', 'Fermé')
2023-04-12 14:15:04.502178	('Port 1', 'Fermé')
2023-04-12 14:15:04.502201	('Port 1', 'Fermé')
2023-04-12 14:15:04.502225	('Port 1', 'Fermé')
2023-04-12 14:15:04.502247	('Port 1', 'Fermé')
2023-04-12 14:15:04.502270	('Port 1', 'Fermé')
2023-04-12 14:15:04.502293	('Port 1', 'Fermé')
2023-04-12 14:15:04.502316	('Port 1', 'Fermé')
2023-04-12 14:15:04.502339	('Port 1', 'Fermé')
2023-04-12 14:15:04.502362	('Port 1', 'Fermé')
2023-04-12 14:15:04.502385	('Port 1', 'Fermé')
2023-04-12 14:15:04.502408	('Port 1', 'Fermé')
2023-04-12 14:15:04.502430	('Port 1', 'Fermé')
2023-04-12 14:15:04.502453	('Port 1', 'Fermé')
2023-04-12 14:15:04.502480	('Port 1', 'Fermé')
2023-04-12 14:15:04.502505	('Port 1', 'Fermé')
2023-04-12 14:15:04.502528	('Port 1', 'Fermé')
2023-04-12 14:15:04.502556	('Port 1', 'Fermé')
2023-04-12 14:15:04.502579	('Port 1', 'Fermé')
2023-04-12 14:15:04.502603	('Port 1', 'Fermé')
2023-04-12 14:15:04.502626	('Port 1', 'Fermé')
2023-04-12 14:15:04.502655	('Port 1', 'Fermé')
2023-04-12 14:15:04.502678	('Port 1', 'Fermé')
2023-04-12 14:15:04.502701	('Port 1', 'Fermé')
2023-04-12 14:15:04.502724	('Port 1', 'Fermé')
2023-04-12 14:15:04.502746	('Port 1', 'Fermé')
2023-04-12 14:15:04.502770	('Port 1', 'Fermé')
2023-04-12 14:15:04.502793	('Port 1', 'Fermé')
2023-04-12 14:15:04.502817	('Port 1', 'Fermé')
2023-04-12 14:15:04.502839	('Port 1', 'Fermé')
2023-04-12 14:15:04.502862	('Port 1', 'Fermé')
2023-04-12 14:15:04.502884	('Port 1', 'Fermé')
2023-04-12 14:15:04.502908	('Port 1', 'Fermé')
2023-04-12 14:15:04.502931	('Port 1', 'Fermé')
2023-04-12 14:15:04.502953	('Port 1', 'Fermé')
2023-04-12 14:15:04.502977	('Port 1', 'Fermé')
2023-04-12 14:15:04.503000	('Port 1', 'Fermé')
2023-04-12 14:15:04.503023	('Port 1', 'Fermé')
2023-04-12 14:15:04.503047	('Port 1', 'Fermé')
2023-04-12 14:15:04.503071	('Port 1', 'Fermé')
2023-04-12 14:15:04.503094	('Port 1', 'Fermé')
2023-04-12 14:15:04.503117	('Port 1', 'Fermé')
2023-04-12 14:15:04.503141	('Port 1', 'Fermé')
2023-04-12 14:15:04.503164	('Port 1', 'Fermé')
2023-04-12 14:15:04.503187	('Port 1', 'Fermé')
2023-04-12 14:15:04.503210	('Port 1', 'Fermé')
2023-04-12 14:15:04.503236	('Port 1', 'Fermé')
2023-04-12 14:15:04.503259	('Port 1', 'Fermé')
2023-04-12 14:15:04.503282	('Port 1', 'Fermé')
2023-04-12 14:15:04.503305	('Port 1', 'Fermé')
2023-04-12 14:15:04.503329	('Port 1', 'Fermé')
2023-04-12 14:15:04.503352	('Port 1', 'Fermé')
2023-04-12 14:15:04.503374	('Port 1', 'Fermé')
2023-04-12 14:15:04.503397	('Port 1', 'Fermé')
2023-04-12 14:15:04.503420	('Port 1', 'Fermé')
2023-04-12 14:15:04.503443	('Port 1', 'Fermé')
2023-04-12 14:15:04.503470	('Port 1', 'Fermé')
2023-04-12 14:15:04.503493	('Port 1', 'Fermé')
2023-04-12 14:15:04.503516	('Port 1', 'Fermé')
2023-04-12 14:15:04.503538	('Port 1', 'Fermé')
2023-04-12 14:15:04.503561	('Port 1', 'Fermé')
2023-04-12 14:15:04.503585	('Port 1', 'Fermé')
2023-04-12 14:15:04.503607	('Port 1', 'Fermé')
2023-04-12 14:15:04.503630	('Port 1', 'Fermé')
2023-04-12 14:15:04.503659	('Port 1', 'Fermé')
2023-04-12 14:15:04.503684	('Port 1', 'Fermé')
2023-04-12 14:15:04.503707	('Port 1', 'Fermé')
2023-04-12 14:15:04.503730	('Port 1', 'Fermé')
2023-04-12 14:15:04.503752	('Port 1', 'Fermé')
2023-04-12 14:15:04.503775	('Port 1', 'Fermé')
2023-04-12 14:15:04.503798	('Port 1', 'Fermé')
2023-04-12 14:15:04.503822	('Port 1', 'Fermé')
2023-04-12 14:15:04.503845	('Port 1', 'Fermé')
2023-04-12 14:15:04.503869	('Port 1', 'Fermé')
2023-04-12 14:15:04.503892	('Port 1', 'Fermé')
2023-04-12 14:15:04.503915	('Port 1', 'Fermé')
2023-04-12 14:15:04.503938	('Port 1', 'Fermé')
2023-04-12 14:15:04.503961	('Port 1', 'Fermé')
2023-04-12 14:15:04.503987	('Port 1', 'Fermé')
2023-04-12 14:15:04.504010	('Port 1', 'Fermé')
2023-04-12 14:15:04.504034	('Port 1', 'Fermé')
2023-04-12 14:15:04.504057	('Port 1', 'Fermé')
2023-04-12 14:15:04.504080	('Port 1', 'Fermé')
2023-04-12 14:15:04.504102	('Port 1', 'Fermé')
2023-04-12 14:15:04.504125	('Port 1', 'Fermé')
2023-04-12 14:15:04.504148	('Port 1', 'Fermé')
2023-04-12 14:15:04.504171	('Port 1', 'Fermé')
2023-04-12 14:15:04.504195	('Port 1', 'Fermé')
2023-04-12 14:15:04.504218	('Port 1', 'Fermé')
2023-04-12 14:15:04.504241	('Port 1', 'Fermé')
2023-04-12 14:15:04.504264	('Port 1', 'Fermé')
2023-04-12 14:15:04.504288	('Port 1', 'Fermé')
2023-04-12 14:15:04.504311	('Port 1', 'Fermé')
2023-04-12 14:15:04.504335	('Port 1', 'Fermé')
2023-04-12 14:15:04.504359	('Port 1', 'Fermé')
2023-04-12 14:15:04.504386	('Port 1', 'Fermé')
2023-04-12 14:15:04.504410	('Port 1', 'Fermé')
2023-04-12 14:15:04.504434	('Port 1', 'Fermé')
2023-04-12 14:15:04.504457	('Port 1', 'Fermé')
2023-04-12 14:15:04.504481	('Port 1', 'Fermé')
2023-04-12 14:15:04.504503	('Port 1', 'Fermé')
2023-04-12 14:15:04.504527	('Port 1', 'Fermé')
2023-04-12 14:15:04.504551	('Port 1', 'Fermé')
2023-04-12 14:15:04.504575	('Port 1', 'Fermé')
2023-04-12 14:15:04.504598	('Port 1', 'Fermé')
2023-04-12 14:15:04.504622	('Port 1', 'Fermé')
2023-04-12 14:15:04.504650	('Port 1', 'Fermé')
2023-04-12 14:15:04.504675	('Port 1', 'Fermé')
2023-04-12 14:15:04.504698	('Port 1', 'Fermé')
2023-04-12 14:15:04.504725	('Port 1', 'Fermé')
2023-04-12 14:15:04.504749	('Port 1', 'Fermé')
2023-04-12 14:15:04.504773	('Port 1', 'Fermé')
2023-04-12 14:15:04.504796	('Port 1', 'Fermé')
2023-04-12 14:15:04.504819	('Port 1', 'Fermé')
2023-04-12 14:15:04.504843	('Port 1', 'Fermé')
2023-04-12 14:15:04.504865	('Port 1', 'Fermé')
2023-04-12 14:15:04.504888	('Port 1', 'Fermé')
2023-04-12 14:15:04.504911	('Port 1', 'Fermé')
2023-04-12 14:15:04.504935	('Port 1', 'Fermé')
2023-04-12 14:15:04.504959	('Port 1', 'Fermé')
2023-04-12 14:15:04.504981	('Port 1', 'Fermé')
2023-04-12 14:15:04.505005	('Port 1', 'Fermé')
2023-04-12 14:15:04.505028	('Port 1', 'Fermé')
2023-04-12 14:15:04.505051	('Port 1', 'Fermé')
2023-04-12 14:15:04.505074	('Port 1', 'Fermé')
2023-04-12 14:15:04.505097	('Port 1', 'Fermé')
2023-04-12 14:15:04.505120	('Port 1', 'Fermé')
2023-04-12 14:15:04.505143	('Port 1', 'Fermé')
2023-04-12 14:15:04.505166	('Port 1', 'Fermé')
2023-04-12 14:15:04.505190	('Port 1', 'Fermé')
2023-04-12 14:15:04.505214	('Port 1', 'Fermé')
2023-04-12 14:15:04.505237	('Port 1', 'Fermé')
2023-04-12 14:15:04.505260	('Port 1', 'Fermé')
2023-04-12 14:15:04.505284	('Port 1', 'Fermé')
2023-04-12 14:15:04.505311	('Port 1', 'Fermé')
2023-04-12 14:15:04.505335	('Port 1', 'Fermé')
2023-04-12 14:15:04.505358	('Port 1', 'Fermé')
2023-04-12 14:15:04.505382	('Port 1', 'Fermé')
2023-04-12 14:15:04.505404	('Port 1', 'Fermé')
2023-04-12 14:15:04.505427	('Port 1', 'Fermé')
2023-04-12 14:15:04.505450	('Port 1', 'Fermé')
2023-04-12 14:15:04.505476	('Port 1', 'Fermé')
2023-04-12 14:15:04.505500	('Port 1', 'Fermé')
2023-04-12 14:15:04.505524	('Port 1', 'Fermé')
2023-04-12 14:15:04.505547	('Port 1', 'Fermé')
2023-04-12 14:15:04.505570	('Port 1', 'Fermé')
2023-04-12 14:15:04.505593	('Port 1', 'Fermé')
2023-04-12 14:15:04.505616	('Port 1', 'Fermé')
2023-04-12 14:15:04.505643	('Port 1', 'Fermé')
2023-04-12 14:15:04.505669	('Port 1', 'Fermé')
2023-04-12 14:15:04.505692	('Port 1', 'Fermé')
2023-04-12 14:15:04.505715	('Port 1', 'Fermé')
2023-04-12 14:15:04.505739	('Port 1', 'Fermé')
2023-04-12 14:15:04.505762	('Port 1', 'Fermé')
2023-04-12 14:15:04.505785	('Port 1', 'Fermé')
2023-04-12 14:15:04.505808	('Port 1', 'Fermé')
2023-04-12 14:15:04.505831	('Port 1', 'Fermé')
2023-04-12 14:15:04.505854	('Port 1', 'Fermé')
2023-04-12 14:15:04.505876	('Port 1', 'Fermé')
2023-04-12 14:15:04.505899	('Port 1', 'Fermé')
2023-04-12 14:15:04.505923	('Port 1', 'Fermé')
2023-04-12 14:15:04.505946	('Port 1', 'Fermé')
2023-04-12 14:15:04.505969	('Port 1', 'Fermé')
2023-04-12 14:15:04.505993	('Port 1', 'Fermé')
2023-04-12 14:15:04.506016	('Port 1', 'Fermé')
2023-04-12 14:15:04.506039	('Port 1', 'Fermé')
2023-04-12 14:15:04.506063	('Port 1', 'Fermé')
2023-04-12 14:15:04.506087	('Port 1', 'Fermé')
2023-04-12 14:15:04.506109	('Port 1', 'Fermé')
2023-04-12 14:15:04.506133	('Port 1', 'Fermé')
2023-04-12 14:15:04.506156	('Port 1', 'Fermé')
2023-04-12 14:15:04.506179	('Port 1', 'Fermé')
2023-04-12 14:15:04.506203	('Port 1', 'Fermé')
2023-04-12 14:15:04.506235	('Port 1', 'Fermé')
2023-04-12 14:15:04.506260	('Port 1', 'Fermé')
2023-04-12 14:15:04.506283	('Port 1', 'Fermé')
2023-04-12 14:15:04.506307	('Port 1', 'Fermé')
2023-04-12 14:15:04.506330	('Port 1', 'Fermé')
2023-04-12 14:15:04.506353	('Port 1', 'Fermé')
2023-04-12 14:15:04.506377	('Port 1', 'Fermé')
2023-04-12 14:15:04.506400	('Port 1', 'Fermé')
2023-04-12 14:15:04.506423	('Port 1', 'Fermé')
2023-04-12 14:15:04.506452	('Port 1', 'Fermé')
2023-04-12 14:15:04.506483	('Port 1', 'Fermé')
2023-04-12 14:15:04.506513	('Port 1', 'Fermé')
2023-04-12 14:15:04.506543	('Port 1', 'Fermé')
2023-04-12 14:15:04.506574	('Port 1', 'Fermé')
2023-04-12 14:15:04.506603	('Port 1', 'Fermé')
2023-04-12 14:15:04.506634	('Port 1', 'Fermé')
2023-04-12 14:15:04.506673	('Port 1', 'Fermé')
2023-04-12 14:15:04.506706	('Port 1', 'Fermé')
2023-04-12 14:15:04.506736	('Port 1', 'Fermé')
2023-04-12 14:15:04.506767	('Port 1', 'Fermé')
2023-04-12 14:15:04.506797	('Port 1', 'Fermé')
2023-04-12 14:15:04.506827	('Port 1', 'Fermé')
2023-04-12 14:15:04.506857	('Port 1', 'Fermé')
2023-04-12 14:15:04.506888	('Port 1', 'Fermé')
2023-04-12 14:15:04.506918	('Port 1', 'Fermé')
2023-04-12 14:15:04.506948	('Port 1', 'Fermé')
2023-04-12 14:15:04.506979	('Port 1', 'Fermé')
2023-04-12 14:15:04.507009	('Port 1', 'Fermé')
2023-04-12 14:15:04.507040	('Port 1', 'Fermé')
2023-04-12 14:15:04.507071	('Port 1', 'Fermé')
2023-04-12 14:15:04.507102	('Port 1', 'Fermé')
2023-04-12 14:15:04.507133	('Port 1', 'Fermé')
2023-04-12 14:15:04.507168	('Port 1', 'Fermé')
2023-04-12 14:15:04.507199	('Port 1', 'Fermé')
2023-04-12 14:15:04.507230	('Port 1', 'Fermé')
2023-04-12 14:15:04.507260	('Port 1', 'Fermé')
2023-04-12 14:15:04.507290	('Port 1', 'Fermé')
2023-04-12 14:15:04.507321	('Port 1', 'Fermé')
2023-04-12 14:15:04.507351	('Port 1', 'Fermé')
2023-04-12 14:15:04.507387	('Port 1', 'Fermé')
2023-04-12 14:15:04.507418	('Port 1', 'Fermé')
2023-04-12 14:15:04.507449	('Port 1', 'Fermé')
2023-04-12 14:15:04.507479	('Port 1', 'Fermé')
2023-04-12 14:15:04.507511	('Port 1', 'Fermé')
2023-04-12 14:15:04.507542	('Port 1', 'Fermé')
2023-04-12 14:15:04.507572	('Port 1', 'Fermé')
2023-04-12 14:15:04.507602	('Port 1', 'Fermé')
2023-04-12 14:15:04.507633	('Port 1', 'Fermé')
2023-04-12 14:15:04.507671	('Port 1', 'Fermé')
2023-04-12 14:15:04.507703	('Port 1', 'Fermé')
2023-04-12 14:15:04.507733	('Port 1', 'Fermé')
2023-04-12 14:15:04.507763	('Port 1', 'Fermé')
2023-04-12 14:15:04.507793	('Port 1', 'Fermé')
2023-04-12 14:15:04.507823	('Port 1', 'Fermé')
2023-04-12 14:15:04.507854	('Port 1', 'Fermé')
2023-04-12 14:15:04.507884	('Port 1', 'Fermé')
2023-04-12 14:15:04.507916	('Port 1', 'Fermé')
2023-04-12 14:15:04.507947	('Port 1', 'Fermé')
2023-04-12 14:15:04.507977	('Port 1', 'Fermé')
2023-04-12 14:15:04.508008	('Port 1', 'Fermé')
2023-04-12 14:15:04.508039	('Port 1', 'Fermé')
2023-04-12 14:15:04.508069	('Port 1', 'Fermé')
2023-04-12 14:15:04.508099	('Port 1', 'Fermé')
2023-04-12 14:15:04.508135	('Port 1', 'Fermé')
2023-04-12 14:15:04.508167	('Port 1', 'Fermé')
2023-04-12 14:15:04.508196	('Port 1', 'Fermé')
2023-04-12 14:15:04.508228	('Port 1', 'Fermé')
2023-04-12 14:15:04.508258	('Port 1', 'Fermé')
2023-04-12 14:15:04.508288	('Port 1', 'Fermé')
2023-04-12 14:15:04.508319	('Port 1', 'Fermé')
2023-04-12 14:15:04.508350	('Port 1', 'Fermé')
2023-04-12 14:15:04.508381	('Port 1', 'Fermé')
2023-04-12 14:15:04.508411	('Port 1', 'Fermé')
2023-04-12 14:15:04.508441	('Port 1', 'Fermé')
2023-04-12 14:15:04.508471	('Port 1', 'Fermé')
2023-04-12 14:15:04.508502	('Port 1', 'Fermé')
2023-04-12 14:15:04.508531	('Port 1', 'Fermé')
2023-04-12 14:15:04.508561	('Port 1', 'Fermé')
2023-04-12 14:15:04.508597	('Port 1', 'Fermé')
2023-04-12 14:15:04.508627	('Port 1', 'Fermé')
2023-04-12 14:15:04.508769	('Port 1', 'Fermé')
2023-04-12 14:15:04.508803	('Port 1', 'Fermé')
2023-04-12 14:15:04.508834	('Port 1', 'Fermé')
2023-04-12 14:15:04.508864	('Port 1', 'Fermé')
2023-04-12 14:15:04.508895	('Port 1', 'Fermé')
2023-04-12 14:15:04.508926	('Port 1', 'Fermé')
2023-04-12 14:15:04.508956	('Port 1', 'Fermé')
2023-04-12 14:15:04.508987	('Port 1', 'Fermé')
2023-04-12 14:15:04.509018	('Port 1', 'Fermé')
2023-04-12 14:15:04.509048	('Port 1', 'Fermé')
2023-04-12 14:15:04.509078	('Port 1', 'Fermé')
2023-04-12 14:15:04.509109	('Port 1', 'Fermé')
2023-04-12 14:15:04.509139	('Port 1', 'Fermé')
2023-04-12 14:15:04.509169	('Port 1', 'Fermé')
2023-04-12 14:15:04.509199	('Port 1', 'Fermé')
2023-04-12 14:15:04.509234	('Port 1', 'Fermé')
2023-04-12 14:15:04.509265	('Port 1', 'Fermé')
2023-04-12 14:15:04.509295	('Port 1', 'Fermé')
2023-04-12 14:15:04.509325	('Port 1', 'Fermé')
2023-04-12 14:15:04.509356	('Port 1', 'Fermé')
2023-04-12 14:15:04.509386	('Port 1', 'Fermé')
2023-04-12 14:15:04.509416	('Port 1', 'Fermé')
2023-04-12 14:15:04.509445	('Port 1', 'Fermé')
2023-04-12 14:15:04.509475	('Port 1', 'Fermé')
2023-04-12 14:15:04.509506	('Port 1', 'Fermé')
2023-04-12 14:15:04.509537	('Port 1', 'Fermé')
2023-04-12 14:15:04.509568	('Port 1', 'Fermé')
2023-04-12 14:15:04.509599	('Port 1', 'Fermé')
2023-04-12 14:15:04.509629	('Port 1', 'Fermé')
2023-04-12 14:15:04.509667	('Port 1', 'Fermé')
2023-04-12 14:15:04.509699	('Port 1', 'Fermé')
2023-04-12 14:15:04.509730	('Port 1', 'Fermé')
2023-04-12 14:15:04.509760	('Port 1', 'Fermé')
2023-04-12 14:15:04.509791	('Port 1', 'Fermé')
2023-04-12 14:15:04.509821	('Port 1', 'Fermé')
2023-04-12 14:15:04.509851	('Port 1', 'Fermé')
2023-04-12 14:15:04.509881	('Port 1', 'Fermé')
2023-04-12 14:15:04.509911	('Port 1', 'Fermé')
2023-04-12 14:15:04.509942	('Port 1', 'Fermé')
2023-04-12 14:15:04.509972	('Port 1', 'Fermé')
2023-04-12 14:15:04.510002	('Port 1', 'Fermé')
2023-04-12 14:15:04.510032	('Port 1', 'Fermé')
2023-04-12 14:15:04.510063	('Port 1', 'Fermé')
2023-04-12 14:15:04.510093	('Port 1', 'Fermé')
2023-04-12 14:15:04.510123	('Port 1', 'Fermé')
2023-04-12 14:15:04.510153	('Port 1', 'Fermé')
2023-04-12 14:15:04.510184	('Port 1', 'Fermé')
2023-04-12 14:15:04.510221	('Port 1', 'Fermé')
2023-04-12 14:15:04.510252	('Port 1', 'Fermé')
2023-04-12 14:15:04.510283	('Port 1', 'Fermé')
2023-04-12 14:15:04.510315	('Port 1', 'Fermé')
2023-04-12 14:15:04.510345	('Port 1', 'Fermé')
2023-04-12 14:15:04.510375	('Port 1', 'Fermé')
2023-04-12 14:15:04.510405	('Port 1', 'Fermé')
2023-04-12 14:15:04.510435	('Port 1', 'Fermé')
2023-04-12 14:15:04.510467	('Port 1', 'Fermé')
2023-04-12 14:15:04.510498	('Port 1', 'Fermé')
2023-04-12 14:15:04.510529	('Port 1', 'Fermé')
2023-04-12 14:15:04.510560	('Port 1', 'Fermé')
2023-04-12 14:15:04.510590	('Port 1', 'Fermé')
2023-04-12 14:15:04.510620	('Port 1', 'Fermé')
2023-04-12 14:15:04.510659	('Port 1', 'Fermé')
2023-04-12 14:15:04.510691	('Port 1', 'Fermé')
2023-04-12 14:15:04.510722	('Port 1', 'Fermé')
2023-04-12 14:15:04.510754	('Port 1', 'Fermé')
2023-04-12 14:15:04.510785	('Port 1', 'Fermé')
2023-04-12 14:15:04.510815	('Port 1', 'Fermé')
2023-04-12 14:15:04.510845	('Port 1', 'Fermé')
2023-04-12 14:15:04.510876	('Port 1', 'Fermé')
2023-04-12 14:15:04.510907	('Port 1', 'Fermé')
2023-04-12 14:15:04.510938	('Port 1', 'Fermé')
2023-04-12 14:15:04.510969	('Port 1', 'Fermé')
2023-04-12 14:15:04.511000	('Port 1', 'Fermé')
2023-04-12 14:15:04.511030	('Port 1', 'Fermé')
2023-04-12 14:15:04.511061	('Port 1', 'Fermé')
2023-04-12 14:15:04.511092	('Port 1', 'Fermé')
2023-04-12 14:15:04.511123	('Port 1', 'Fermé')
2023-04-12 14:15:04.511154	('Port 1', 'Fermé')
2023-04-12 14:15:04.511185	('Port 1', 'Fermé')
2023-04-12 14:15:04.511220	('Port 1', 'Fermé')
2023-04-12 14:15:04.511252	('Port 1', 'Fermé')
2023-04-12 14:15:04.511282	('Port 1', 'Fermé')
2023-04-12 14:15:04.511312	('Port 1', 'Fermé')
2023-04-12 14:15:04.511343	('Port 1', 'Fermé')
2023-04-12 14:15:04.511373	('Port 1', 'Fermé')
2023-04-12 14:15:04.511404	('Port 1', 'Fermé')
2023-04-12 14:15:04.511435	('Port 1', 'Fermé')
2023-04-12 14:15:04.511466	('Port 1', 'Fermé')
2023-04-12 14:15:04.511497	('Port 1', 'Fermé')
2023-04-12 14:15:04.511528	('Port 1', 'Fermé')
2023-04-12 14:15:04.511558	('Port 1', 'Fermé')
2023-04-12 14:15:04.511589	('Port 1', 'Fermé')
2023-04-12 14:15:04.511619	('Port 1', 'Fermé')
2023-04-12 14:15:04.511657	('Port 1', 'Fermé')
2023-04-12 14:15:04.511690	('Port 1', 'Fermé')
2023-04-12 14:15:04.511721	('Port 1', 'Fermé')
2023-04-12 14:15:04.511751	('Port 1', 'Fermé')
2023-04-12 14:15:04.511781	('Port 1', 'Fermé')
2023-04-12 14:15:04.511811	('Port 1', 'Fermé')
2023-04-12 14:15:04.511841	('Port 1', 'Fermé')
2023-04-12 14:15:04.511872	('Port 1', 'Fermé')
2023-04-12 14:15:04.511903	('Port 1', 'Fermé')
2023-04-12 14:15:04.511934	('Port 1', 'Fermé')
2023-04-12 14:15:04.511964	('Port 1', 'Fermé')
2023-04-12 14:15:04.511994	('Port 1', 'Fermé')
2023-04-12 14:15:04.512026	('Port 1', 'Fermé')
2023-04-12 14:15:04.512056	('Port 1', 'Fermé')
2023-04-12 14:15:04.512087	('Port 1', 'Fermé')
2023-04-12 14:15:04.512117	('Port 1', 'Fermé')
2023-04-12 14:15:04.512147	('Port 1', 'Fermé')
2023-04-12 14:15:04.512183	('Port 1', 'Fermé')
2023-04-12 14:15:04.512214	('Port 1', 'Fermé')
2023-04-12 14:15:04.512245	('Port 1', 'Fermé')
2023-04-12 14:15:04.512276	('Port 1', 'Fermé')
2023-04-12 14:15:04.512307	('Port 1', 'Fermé')
2023-04-12 14:15:04.512337	('Port 1', 'Fermé')
2023-04-12 14:15:04.512368	('Port 1', 'Fermé')
2023-04-12 14:15:04.512398	('Port 1', 'Fermé')
2023-04-12 14:15:04.512429	('Port 1', 'Fermé')
2023-04-12 14:15:04.512461	('Port 1', 'Fermé')
2023-04-12 14:15:04.512492	('Port 1', 'Fermé')
2023-04-12 14:15:04.512522	('Port 1', 'Fermé')
2023-04-12 14:15:04.512553	('Port 1', 'Fermé')
2023-04-12 14:15:04.512584	('Port 1', 'Fermé')
2023-04-12 14:15:04.512614	('Port 1', 'Fermé')
2023-04-12 14:15:04.512652	('Port 1', 'Fermé')
2023-04-12 14:15:04.512685	('Port 1', 'Fermé')
2023-04-12 14:15:04.512717	('Port 1', 'Fermé')
2023-04-12 14:15:04.512748	('Port 1', 'Fermé')
2023-04-12 14:15:04.512779	('Port 1', 'Fermé')
2023-04-12 14:15:04.512809	('Port 1', 'Fermé')
2023-04-12 14:15:04.512840	('Port 1', 'Fermé')
2023-04-12 14:15:04.512871	('Port 1', 'Fermé')
2023-04-12 14:15:04.512902	('Port 1', 'Fermé')
2023-04-12 14:15:04.512933	('Port 1', 'Fermé')
2023-04-12 14:15:04.512988	('Port 1', 'Fermé')
2023-04-12 14:15:04.513028	('Port 1', 'Fermé')
2023-04-12 14:15:04.513078	('Port 1', 'Fermé')
2023-04-12 14:15:04.513113	('Port 1', 'Fermé')
2023-04-12 14:15:04.513143	('Port 1', 'Fermé')
2023-04-12 14:15:04.513174	('Port 1', 'Fermé')
2023-04-12 14:15:04.513206	('Port 1', 'Fermé')
2023-04-12 14:15:04.513242	('Port 1', 'Fermé')
2023-04-12 14:15:04.513274	('Port 1', 'Fermé')
2023-04-12 14:15:04.513306	('Port 1', 'Fermé')
2023-04-12 14:15:04.513336	('Port 1', 'Fermé')
2023-04-12 14:15:04.513367	('Port 1', 'Fermé')
2023-04-12 14:15:04.513398	('Port 1', 'Fermé')
2023-04-12 14:15:04.513428	('Port 1', 'Fermé')
2023-04-12 14:15:04.513458	('Port 1', 'Fermé')
2023-04-12 14:15:04.513489	('Port 1', 'Fermé')
2023-04-12 14:15:04.513521	('Port 1', 'Fermé')
2023-04-12 14:15:04.513551	('Port 1', 'Fermé')
2023-04-12 14:15:04.513583	('Port 1', 'Fermé')
2023-04-12 14:15:04.513613	('Port 1', 'Fermé')
2023-04-12 14:15:04.513652	('Port 1', 'Fermé')
2023-04-12 14:15:04.513685	('Port 1', 'Fermé')
2023-04-12 14:15:04.513716	('Port 1', 'Fermé')
2023-04-12 14:15:04.513747	('Port 1', 'Fermé')
2023-04-12 14:15:04.513778	('Port 1', 'Fermé')
2023-04-12 14:15:04.513809	('Port 1', 'Fermé')
2023-04-12 14:15:04.513840	('Port 1', 'Fermé')
2023-04-12 14:15:04.513871	('Port 1', 'Fermé')
2023-04-12 14:15:04.513902	('Port 1', 'Fermé')
2023-04-12 14:15:04.513934	('Port 1', 'Fermé')
2023-04-12 14:15:04.513965	('Port 1', 'Fermé')
2023-04-12 14:15:04.513996	('Port 1', 'Fermé')
2023-04-12 14:15:04.514026	('Port 1', 'Fermé')
2023-04-12 14:15:04.514057	('Port 1', 'Fermé')
2023-04-12 14:15:04.514088	('Port 1', 'Fermé')
2023-04-12 14:15:04.514118	('Port 1', 'Fermé')
2023-04-12 14:15:04.514150	('Port 1', 'Fermé')
2023-04-12 14:15:04.514181	('Port 1', 'Fermé')
2023-04-12 14:15:04.514212	('Port 1', 'Fermé')
2023-04-12 14:15:04.514247	('Port 1', 'Fermé')
2023-04-12 14:15:04.514280	('Port 1', 'Fermé')
2023-04-12 14:15:04.514312	('Port 1', 'Fermé')
2023-04-12 14:15:04.514343	('Port 1', 'Fermé')
2023-04-12 14:15:04.514374	('Port 1', 'Fermé')
2023-04-12 14:15:04.514406	('Port 1', 'Fermé')
2023-04-12 14:15:04.514437	('Port 1', 'Fermé')
2023-04-12 14:15:04.514468	('Port 1', 'Fermé')
2023-04-12 14:15:04.514499	('Port 1', 'Fermé')
2023-04-12 14:15:04.514522	Temps total d'éxécution : 0:00:00
